bash 6_read_strain_join.sh hires21 1 2 /data/huixingqi/sim_meta/HiResim
1 2
/data/huixingqi/sim_meta/HiResim/data/env/data/6_read_strain_inter/read_batch_path/hires21_path.txt
/data/huixingqi/sim_meta/HiResim/data/env/data/3_sp_read_kmer_sorted/hires21/marine_SRR3933087 /data/huixingqi/sim_meta/HiResim/data/env/data/3_sp_read_kmer_sorted/hires21/marine_SRR3933088
/data/huixingqi/sim_meta/HiResim/data/env/data/5_strain_unikmer/hires21/unikmer_sorted_nonull/s__Actinoplanes_liguriensis
/data/huixingqi/sim_meta/HiResim/data/env/data/5_strain_unikmer/hires21/unikmer_sorted_nonull/s__Agathobacter_sp900549895
/data/huixingqi/sim_meta/HiResim/data/env/data/5_strain_unikmer/hires21/unikmer_sorted_nonull/s__Alloprevotella_sp900542795
/data/huixingqi/sim_meta/HiResim/data/env/data/5_strain_unikmer/hires21/unikmer_sorted_nonull/s__Amylibacter_sp905181935
/data/huixingqi/sim_meta/HiResim/data/env/data/5_strain_unikmer/hires21/unikmer_sorted_nonull/s__Amylibacter_sp905182285
/data/huixingqi/sim_meta/HiResim/data/env/data/5_strain_unikmer/hires21/unikmer_sorted_nonull/s__Aphodousia_sp900553105
/data/huixingqi/sim_meta/HiResim/data/env/data/5_strain_unikmer/hires21/unikmer_sorted_nonull/s__Ascidiaceihabitans_sp905182105
/data/huixingqi/sim_meta/HiResim/data/env/data/5_strain_unikmer/hires21/unikmer_sorted_nonull/s__ASP10-02a_sp002312935
/data/huixingqi/sim_meta/HiResim/data/env/data/5_strain_unikmer/hires21/unikmer_sorted_nonull/s__ASP10-02a_sp002335115
/data/huixingqi/sim_meta/HiResim/data/env/data/5_strain_unikmer/hires21/unikmer_sorted_nonull/s__ASP10-02a_sp002470565
/data/huixingqi/sim_meta/HiResim/data/env/data/5_strain_unikmer/hires21/unikmer_sorted_nonull/s__ASP10-02a_sp905182035
/data/huixingqi/sim_meta/HiResim/data/env/data/5_strain_unikmer/hires21/unikmer_sorted_nonull/s__ASP10-05a_sp000981645
/data/huixingqi/sim_meta/HiResim/data/env/data/5_strain_unikmer/hires21/unikmer_sorted_nonull/s__ASP10-05a_sp905182895
/data/huixingqi/sim_meta/HiResim/data/env/data/5_strain_unikmer/hires21/unikmer_sorted_nonull/s__BACL14_sp905181685
/data/huixingqi/sim_meta/HiResim/data/env/data/5_strain_unikmer/hires21/unikmer_sorted_nonull/s__CACCCN01_sp905182145
/data/huixingqi/sim_meta/HiResim/data/env/data/5_strain_unikmer/hires21/unikmer_sorted_nonull/s__CAG-269_sp900556945
/data/huixingqi/sim_meta/HiResim/data/env/data/5_strain_unikmer/hires21/unikmer_sorted_nonull/s__CAG-485_sp900555915
/data/huixingqi/sim_meta/HiResim/data/env/data/5_strain_unikmer/hires21/unikmer_sorted_nonull/s__CAG-590_sp900544905
/data/huixingqi/sim_meta/HiResim/data/env/data/5_strain_unikmer/hires21/unikmer_sorted_nonull/s__CAG-83_sp900551355
/data/huixingqi/sim_meta/HiResim/data/env/data/5_strain_unikmer/hires21/unikmer_sorted_nonull/s__CAJJBL01_sp905182395
/data/huixingqi/sim_meta/HiResim/data/env/data/5_strain_unikmer/hires21/unikmer_sorted_nonull/s__CAJLXD01_sp900551585
/data/huixingqi/sim_meta/HiResim/data/env/data/5_strain_unikmer/hires21/unikmer_sorted_nonull/s__Caproiciproducens_sp900546895
/data/huixingqi/sim_meta/HiResim/data/env/data/5_strain_unikmer/hires21/unikmer_sorted_nonull/s__Collinsella_sp900545905
/data/huixingqi/sim_meta/HiResim/data/env/data/5_strain_unikmer/hires21/unikmer_sorted_nonull/s__Collinsella_sp900547505
/data/huixingqi/sim_meta/HiResim/data/env/data/5_strain_unikmer/hires21/unikmer_sorted_nonull/s__Collinsella_sp900547855
/data/huixingqi/sim_meta/HiResim/data/env/data/5_strain_unikmer/hires21/unikmer_sorted_nonull/s__Collinsella_sp900548495
/data/huixingqi/sim_meta/HiResim/data/env/data/5_strain_unikmer/hires21/unikmer_sorted_nonull/s__Collinsella_sp900548565
/data/huixingqi/sim_meta/HiResim/data/env/data/5_strain_unikmer/hires21/unikmer_sorted_nonull/s__Collinsella_sp900549195
/data/huixingqi/sim_meta/HiResim/data/env/data/5_strain_unikmer/hires21/unikmer_sorted_nonull/s__Collinsella_sp900549455
/data/huixingqi/sim_meta/HiResim/data/env/data/5_strain_unikmer/hires21/unikmer_sorted_nonull/s__Collinsella_sp900549555
/data/huixingqi/sim_meta/HiResim/data/env/data/5_strain_unikmer/hires21/unikmer_sorted_nonull/s__Collinsella_sp900551185
/data/huixingqi/sim_meta/HiResim/data/env/data/5_strain_unikmer/hires21/unikmer_sorted_nonull/s__Collinsella_sp900551625
/data/huixingqi/sim_meta/HiResim/data/env/data/5_strain_unikmer/hires21/unikmer_sorted_nonull/s__Collinsella_sp900551655
/data/huixingqi/sim_meta/HiResim/data/env/data/5_strain_unikmer/hires21/unikmer_sorted_nonull/s__Collinsella_sp900552295
/data/huixingqi/sim_meta/HiResim/data/env/data/5_strain_unikmer/hires21/unikmer_sorted_nonull/s__Collinsella_sp900552995
/data/huixingqi/sim_meta/HiResim/data/env/data/5_strain_unikmer/hires21/unikmer_sorted_nonull/s__Collinsella_sp900553705
/data/huixingqi/sim_meta/HiResim/data/env/data/5_strain_unikmer/hires21/unikmer_sorted_nonull/s__Collinsella_sp900554465
/data/huixingqi/sim_meta/HiResim/data/env/data/5_strain_unikmer/hires21/unikmer_sorted_nonull/s__Collinsella_sp900556285
/data/huixingqi/sim_meta/HiResim/data/env/data/5_strain_unikmer/hires21/unikmer_sorted_nonull/s__Collinsella_sp900556515
/data/huixingqi/sim_meta/HiResim/data/env/data/5_strain_unikmer/hires21/unikmer_sorted_nonull/s__Collinsella_sp900764415
/data/huixingqi/sim_meta/HiResim/data/env/data/5_strain_unikmer/hires21/unikmer_sorted_nonull/s__Competibacter_A_sp003527885
/data/huixingqi/sim_meta/HiResim/data/env/data/5_strain_unikmer/hires21/unikmer_sorted_nonull/s__Coprococcus_sp900548315
/data/huixingqi/sim_meta/HiResim/data/env/data/5_strain_unikmer/hires21/unikmer_sorted_nonull/s__CPC320_sp002336405
/data/huixingqi/sim_meta/HiResim/data/env/data/5_strain_unikmer/hires21/unikmer_sorted_nonull/s__D2472_sp905181595
/data/huixingqi/sim_meta/HiResim/data/env/data/5_strain_unikmer/hires21/unikmer_sorted_nonull/s__Devosia_A_insulae
/data/huixingqi/sim_meta/HiResim/data/env/data/5_strain_unikmer/hires21/unikmer_sorted_nonull/s__Dyella_sp016428975
/data/huixingqi/sim_meta/HiResim/data/env/data/5_strain_unikmer/hires21/unikmer_sorted_nonull/s__Egerieimonas_sp900552095
/data/huixingqi/sim_meta/HiResim/data/env/data/5_strain_unikmer/hires21/unikmer_sorted_nonull/s__Enterocloster_sp900541315
/data/huixingqi/sim_meta/HiResim/data/env/data/5_strain_unikmer/hires21/unikmer_sorted_nonull/s__Enterocloster_sp900551225
/data/huixingqi/sim_meta/HiResim/data/env/data/5_strain_unikmer/hires21/unikmer_sorted_nonull/s__Enterococcus_sp002140975
/data/huixingqi/sim_meta/HiResim/data/env/data/5_strain_unikmer/hires21/unikmer_sorted_nonull/s__Eubacterium_R_sp900540305
/data/huixingqi/sim_meta/HiResim/data/env/data/5_strain_unikmer/hires21/unikmer_sorted_nonull/s__Eubacterium_R_sp900544515
/data/huixingqi/sim_meta/HiResim/data/env/data/5_strain_unikmer/hires21/unikmer_sorted_nonull/s__Eubacterium_R_sp900547915
/data/huixingqi/sim_meta/HiResim/data/env/data/5_strain_unikmer/hires21/unikmer_sorted_nonull/s__Faecousia_sp900549495
/data/huixingqi/sim_meta/HiResim/data/env/data/5_strain_unikmer/hires21/unikmer_sorted_nonull/s__Garciella_sp900555725
/data/huixingqi/sim_meta/HiResim/data/env/data/5_strain_unikmer/hires21/unikmer_sorted_nonull/s__GCA-002697625_sp905478555
/data/huixingqi/sim_meta/HiResim/data/env/data/5_strain_unikmer/hires21/unikmer_sorted_nonull/s__GCA-002712045_sp905182165
/data/huixingqi/sim_meta/HiResim/data/env/data/5_strain_unikmer/hires21/unikmer_sorted_nonull/s__GCA-002733105_sp905181885
/data/huixingqi/sim_meta/HiResim/data/env/data/5_strain_unikmer/hires21/unikmer_sorted_nonull/s__GCA-002733185_sp018669795
/data/huixingqi/sim_meta/HiResim/data/env/data/5_strain_unikmer/hires21/unikmer_sorted_nonull/s__Goodfellowiella_coeruleoviolacea
/data/huixingqi/sim_meta/HiResim/data/env/data/5_strain_unikmer/hires21/unikmer_sorted_nonull/s__Halioglobus_sp002862465
/data/huixingqi/sim_meta/HiResim/data/env/data/5_strain_unikmer/hires21/unikmer_sorted_nonull/s__Halioglobus_sp002862985
/data/huixingqi/sim_meta/HiResim/data/env/data/5_strain_unikmer/hires21/unikmer_sorted_nonull/s__Hel1-33-131_sp018608625
/data/huixingqi/sim_meta/HiResim/data/env/data/5_strain_unikmer/hires21/unikmer_sorted_nonull/s__Herbaspirillum_sp016429215
/data/huixingqi/sim_meta/HiResim/data/env/data/5_strain_unikmer/hires21/unikmer_sorted_nonull/s__HTCC2207_sp014381985
/data/huixingqi/sim_meta/HiResim/data/env/data/5_strain_unikmer/hires21/unikmer_sorted_nonull/s__HTCC2207_sp905181925
/data/huixingqi/sim_meta/HiResim/data/env/data/5_strain_unikmer/hires21/unikmer_sorted_nonull/s__HTCC2207_sp905182265
/data/huixingqi/sim_meta/HiResim/data/env/data/5_strain_unikmer/hires21/unikmer_sorted_nonull/s__HTCC2207_sp905182275
/data/huixingqi/sim_meta/HiResim/data/env/data/5_strain_unikmer/hires21/unikmer_sorted_nonull/s__HTCC2207_sp905182855
/data/huixingqi/sim_meta/HiResim/data/env/data/5_strain_unikmer/hires21/unikmer_sorted_nonull/s__IMCC9063_sp000195085
/data/huixingqi/sim_meta/HiResim/data/env/data/5_strain_unikmer/hires21/unikmer_sorted_nonull/s__IMCC9063_sp008638205
/data/huixingqi/sim_meta/HiResim/data/env/data/5_strain_unikmer/hires21/unikmer_sorted_nonull/s__Kitasatospora_novaecaesareae
/data/huixingqi/sim_meta/HiResim/data/env/data/5_strain_unikmer/hires21/unikmer_sorted_nonull/s__Limadaptatus_sp900553825
/data/huixingqi/sim_meta/HiResim/data/env/data/5_strain_unikmer/hires21/unikmer_sorted_nonull/s__Luteolibacter_sp905182475
/data/huixingqi/sim_meta/HiResim/data/env/data/5_strain_unikmer/hires21/unikmer_sorted_nonull/s__Lutibacter_sp004195315
/data/huixingqi/sim_meta/HiResim/data/env/data/5_strain_unikmer/hires21/unikmer_sorted_nonull/s__MAG-121220-bin8_sp905181625
/data/huixingqi/sim_meta/HiResim/data/env/data/5_strain_unikmer/hires21/unikmer_sorted_nonull/s__MAG-121220-bin8_sp905182765
/data/huixingqi/sim_meta/HiResim/data/env/data/5_strain_unikmer/hires21/unikmer_sorted_nonull/s__MED-G78_sp905181645
/data/huixingqi/sim_meta/HiResim/data/env/data/5_strain_unikmer/hires21/unikmer_sorted_nonull/s__MS024-2A_sp905182305
/data/huixingqi/sim_meta/HiResim/data/env/data/5_strain_unikmer/hires21/unikmer_sorted_nonull/s__MS024-2A_sp905480425
/data/huixingqi/sim_meta/HiResim/data/env/data/5_strain_unikmer/hires21/unikmer_sorted_nonull/s__Mucilaginibacter_sp001636615
/data/huixingqi/sim_meta/HiResim/data/env/data/5_strain_unikmer/hires21/unikmer_sorted_nonull/s__Paraburkholderia_azotifigens
/data/huixingqi/sim_meta/HiResim/data/env/data/5_strain_unikmer/hires21/unikmer_sorted_nonull/s__Parasutterella_sp900554375
/data/huixingqi/sim_meta/HiResim/data/env/data/5_strain_unikmer/hires21/unikmer_sorted_nonull/s__Patiriisocius_sp018656255
/data/huixingqi/sim_meta/HiResim/data/env/data/5_strain_unikmer/hires21/unikmer_sorted_nonull/s__Patiriisocius_sp905182755
/data/huixingqi/sim_meta/HiResim/data/env/data/5_strain_unikmer/hires21/unikmer_sorted_nonull/s__Pedobacter_panaciterrae_A
/data/huixingqi/sim_meta/HiResim/data/env/data/5_strain_unikmer/hires21/unikmer_sorted_nonull/s__Pedobacter_sp016429155
/data/huixingqi/sim_meta/HiResim/data/env/data/5_strain_unikmer/hires21/unikmer_sorted_nonull/s__Pelagibacter_giovannonii
/data/huixingqi/sim_meta/HiResim/data/env/data/5_strain_unikmer/hires21/unikmer_sorted_nonull/s__Pelagibacter_sp013204495
/data/huixingqi/sim_meta/HiResim/data/env/data/5_strain_unikmer/hires21/unikmer_sorted_nonull/s__Pelagibacter_sp016778675
/data/huixingqi/sim_meta/HiResim/data/env/data/5_strain_unikmer/hires21/unikmer_sorted_nonull/s__Pelagibacter_sp905612335
/data/huixingqi/sim_meta/HiResim/data/env/data/5_strain_unikmer/hires21/unikmer_sorted_nonull/s__Pelagibacter_sp905612365
/data/huixingqi/sim_meta/HiResim/data/env/data/5_strain_unikmer/hires21/unikmer_sorted_nonull/s__Pelagibacter_sp905612375
/data/huixingqi/sim_meta/HiResim/data/env/data/5_strain_unikmer/hires21/unikmer_sorted_nonull/s__Pelagibacter_sp905612385
/data/huixingqi/sim_meta/HiResim/data/env/data/5_strain_unikmer/hires21/unikmer_sorted_nonull/s__Pelagibacter_sp905612495
/data/huixingqi/sim_meta/HiResim/data/env/data/5_strain_unikmer/hires21/unikmer_sorted_nonull/s__Pelagibacter_sp905616395
/data/huixingqi/sim_meta/HiResim/data/env/data/5_strain_unikmer/hires21/unikmer_sorted_nonull/s__Pelagibacter_sp905618805
/data/huixingqi/sim_meta/HiResim/data/env/data/5_strain_unikmer/hires21/unikmer_sorted_nonull/s__Pelagibacter_sp905618905
/data/huixingqi/sim_meta/HiResim/data/env/data/5_strain_unikmer/hires21/unikmer_sorted_nonull/s__Pelagibacter_sp905618915
/data/huixingqi/sim_meta/HiResim/data/env/data/5_strain_unikmer/hires21/unikmer_sorted_nonull/s__Pelagibacter_sp905620495
/data/huixingqi/sim_meta/HiResim/data/env/data/5_strain_unikmer/hires21/unikmer_sorted_nonull/s__Pelagibacter_ubique
/data/huixingqi/sim_meta/HiResim/data/env/data/5_strain_unikmer/hires21/unikmer_sorted_nonull/s__Pelagibacter_ubique_S
/data/huixingqi/sim_meta/HiResim/data/env/data/5_strain_unikmer/hires21/unikmer_sorted_nonull/s__Planktomarina_sp000981705
/data/huixingqi/sim_meta/HiResim/data/env/data/5_strain_unikmer/hires21/unikmer_sorted_nonull/s__Planktomarina_sp017856985
/data/huixingqi/sim_meta/HiResim/data/env/data/5_strain_unikmer/hires21/unikmer_sorted_nonull/s__Planktomarina_sp905182195
/data/huixingqi/sim_meta/HiResim/data/env/data/5_strain_unikmer/hires21/unikmer_sorted_nonull/s__Planktomarina_sp905182425
/data/huixingqi/sim_meta/HiResim/data/env/data/5_strain_unikmer/hires21/unikmer_sorted_nonull/s__Planktomarina_sp905182455
/data/huixingqi/sim_meta/HiResim/data/env/data/5_strain_unikmer/hires21/unikmer_sorted_nonull/s__Planktomarina_sp905182535
/data/huixingqi/sim_meta/HiResim/data/env/data/5_strain_unikmer/hires21/unikmer_sorted_nonull/s__Polaribacter_sp905181765
/data/huixingqi/sim_meta/HiResim/data/env/data/5_strain_unikmer/hires21/unikmer_sorted_nonull/s__Pontimonas_sp017857245
/data/huixingqi/sim_meta/HiResim/data/env/data/5_strain_unikmer/hires21/unikmer_sorted_nonull/s__Pseudothioglobus_aerophilus
/data/huixingqi/sim_meta/HiResim/data/env/data/5_strain_unikmer/hires21/unikmer_sorted_nonull/s__Pseudothioglobus_singularis_A
/data/huixingqi/sim_meta/HiResim/data/env/data/5_strain_unikmer/hires21/unikmer_sorted_nonull/s__Pseudothioglobus_sp905182815
/data/huixingqi/sim_meta/HiResim/data/env/data/5_strain_unikmer/hires21/unikmer_sorted_nonull/s__Pseudothioglobus_sp905612405
/data/huixingqi/sim_meta/HiResim/data/env/data/5_strain_unikmer/hires21/unikmer_sorted_nonull/s__Pseudothioglobus_sp905614365
/data/huixingqi/sim_meta/HiResim/data/env/data/5_strain_unikmer/hires21/unikmer_sorted_nonull/s__Pseudothioglobus_sp905618925
/data/huixingqi/sim_meta/HiResim/data/env/data/5_strain_unikmer/hires21/unikmer_sorted_nonull/s__Pseudothioglobus_sp905620445
/data/huixingqi/sim_meta/HiResim/data/env/data/5_strain_unikmer/hires21/unikmer_sorted_nonull/s__Ralstonia_sp016429285
/data/huixingqi/sim_meta/HiResim/data/env/data/5_strain_unikmer/hires21/unikmer_sorted_nonull/s__Ruminococcus_D_sp900539095
/data/huixingqi/sim_meta/HiResim/data/env/data/5_strain_unikmer/hires21/unikmer_sorted_nonull/s__Ruminococcus_sp900540005
/data/huixingqi/sim_meta/HiResim/data/env/data/5_strain_unikmer/hires21/unikmer_sorted_nonull/s__SCGC-AAA076-P13_sp905182885
/data/huixingqi/sim_meta/HiResim/data/env/data/5_strain_unikmer/hires21/unikmer_sorted_nonull/s__SCGC-AAA160-P02_sp000383355
/data/huixingqi/sim_meta/HiResim/data/env/data/5_strain_unikmer/hires21/unikmer_sorted_nonull/s__SGZJ01_sp905182835
/data/huixingqi/sim_meta/HiResim/data/env/data/5_strain_unikmer/hires21/unikmer_sorted_nonull/s__Shewanella_hanedai
/data/huixingqi/sim_meta/HiResim/data/env/data/5_strain_unikmer/hires21/unikmer_sorted_nonull/s__Sporolactobacillus_sp900543345
/data/huixingqi/sim_meta/HiResim/data/env/data/5_strain_unikmer/hires21/unikmer_sorted_nonull/s__Streptomyces_cinnabarinus
/data/huixingqi/sim_meta/HiResim/data/env/data/5_strain_unikmer/hires21/unikmer_sorted_nonull/s__Streptomyces_lilacinus
/data/huixingqi/sim_meta/HiResim/data/env/data/5_strain_unikmer/hires21/unikmer_sorted_nonull/s__Streptomyces_speibonae
/data/huixingqi/sim_meta/HiResim/data/env/data/5_strain_unikmer/hires21/unikmer_sorted_nonull/s__Streptomyces_violaceus
/data/huixingqi/sim_meta/HiResim/data/env/data/5_strain_unikmer/hires21/unikmer_sorted_nonull/s__Sutterella_massiliensis
/data/huixingqi/sim_meta/HiResim/data/env/data/5_strain_unikmer/hires21/unikmer_sorted_nonull/s__SXIE01_sp005772945
/data/huixingqi/sim_meta/HiResim/data/env/data/5_strain_unikmer/hires21/unikmer_sorted_nonull/s__Tranquillimonas_alkanivorans
/data/huixingqi/sim_meta/HiResim/data/env/data/5_strain_unikmer/hires21/unikmer_sorted_nonull/s__UA16_sp002390615
/data/huixingqi/sim_meta/HiResim/data/env/data/5_strain_unikmer/hires21/unikmer_sorted_nonull/s__UBA10364_sp905182675
/data/huixingqi/sim_meta/HiResim/data/env/data/5_strain_unikmer/hires21/unikmer_sorted_nonull/s__UBA10677_sp900553005
/data/huixingqi/sim_meta/HiResim/data/env/data/5_strain_unikmer/hires21/unikmer_sorted_nonull/s__UBA1417_sp900552925
/data/huixingqi/sim_meta/HiResim/data/env/data/5_strain_unikmer/hires21/unikmer_sorted_nonull/s__UBA1994_sp002335865
/data/huixingqi/sim_meta/HiResim/data/env/data/5_strain_unikmer/hires21/unikmer_sorted_nonull/s__UBA3031_sp002367635
/data/huixingqi/sim_meta/HiResim/data/env/data/5_strain_unikmer/hires21/unikmer_sorted_nonull/s__UBA3910_sp002391465
/data/huixingqi/sim_meta/HiResim/data/env/data/5_strain_unikmer/hires21/unikmer_sorted_nonull/s__UBA4421_sp905182095
/data/huixingqi/sim_meta/HiResim/data/env/data/5_strain_unikmer/hires21/unikmer_sorted_nonull/s__UBA4441_sp018675425
/data/huixingqi/sim_meta/HiResim/data/env/data/5_strain_unikmer/hires21/unikmer_sorted_nonull/s__UBA4465_sp905182375
/data/huixingqi/sim_meta/HiResim/data/env/data/5_strain_unikmer/hires21/unikmer_sorted_nonull/s__UBA4582_sp905182025
/data/huixingqi/sim_meta/HiResim/data/env/data/5_strain_unikmer/hires21/unikmer_sorted_nonull/s__UBA4592_sp002365735
/data/huixingqi/sim_meta/HiResim/data/env/data/5_strain_unikmer/hires21/unikmer_sorted_nonull/s__UBA7428_sp003023645
/data/huixingqi/sim_meta/HiResim/data/env/data/5_strain_unikmer/hires21/unikmer_sorted_nonull/s__UBA7428_sp905181615
/data/huixingqi/sim_meta/HiResim/data/env/data/5_strain_unikmer/hires21/unikmer_sorted_nonull/s__UBA9145_sp001438145
/data/huixingqi/sim_meta/HiResim/data/env/data/5_strain_unikmer/hires21/unikmer_sorted_nonull/s__UBA9659_sp018665025
/data/huixingqi/sim_meta/HiResim/data/env/data/5_strain_unikmer/hires21/unikmer_sorted_nonull/s__UBA9659_sp018667205
/data/huixingqi/sim_meta/HiResim/data/env/data/5_strain_unikmer/hires21/unikmer_sorted_nonull/s__UBA9926_sp905182155
/data/huixingqi/sim_meta/HiResim/data/env/data/5_strain_unikmer/hires21/unikmer_sorted_nonull/s__UMGS1601_sp900553335
/data/huixingqi/sim_meta/HiResim/data/env/data/5_strain_unikmer/hires21/unikmer_sorted_nonull/s__UMGS1858_sp900555705
/data/huixingqi/sim_meta/HiResim/data/env/data/5_strain_unikmer/hires21/unikmer_sorted_nonull/s__UMGS2069_sp900557695
/data/huixingqi/sim_meta/HiResim/data/env/data/5_strain_unikmer/hires21/unikmer_sorted_nonull/s__UMGS687_sp900545735
/data/huixingqi/sim_meta/HiResim/data/env/data/5_strain_unikmer/hires21/unikmer_sorted_nonull/s__UWMA-0277_sp014384505
/data/huixingqi/sim_meta/HiResim/data/env/data/5_strain_unikmer/hires21/unikmer_sorted_nonull/s__Xanthomonas_campestris
/data/huixingqi/sim_meta/HiResim/data/env/data/5_strain_unikmer/hires21/unikmer_sorted_nonull/s__Yoonia_sp905182645
/data/huixingqi/sim_meta/HiResim/data/env/data/5_strain_unikmer/hires21/unikmer_sorted_nonull/s__34-128_sp002849045
/data/huixingqi/sim_meta/HiResim/data/env/data/5_strain_unikmer/hires21/unikmer_sorted_nonull/s__Actinoplanes_liguriensis
/data/huixingqi/sim_meta/HiResim/data/env/data/5_strain_unikmer/hires21/unikmer_sorted_nonull/s__Agathobacter_sp900549895
/data/huixingqi/sim_meta/HiResim/data/env/data/5_strain_unikmer/hires21/unikmer_sorted_nonull/s__Alcanivorax_sp000155615
/data/huixingqi/sim_meta/HiResim/data/env/data/5_strain_unikmer/hires21/unikmer_sorted_nonull/s__Alloprevotella_sp900542795
/data/huixingqi/sim_meta/HiResim/data/env/data/5_strain_unikmer/hires21/unikmer_sorted_nonull/s__Amylibacter_sp905181935
/data/huixingqi/sim_meta/HiResim/data/env/data/5_strain_unikmer/hires21/unikmer_sorted_nonull/s__Amylibacter_sp905182285
/data/huixingqi/sim_meta/HiResim/data/env/data/5_strain_unikmer/hires21/unikmer_sorted_nonull/s__Aphodousia_sp900553105
/data/huixingqi/sim_meta/HiResim/data/env/data/5_strain_unikmer/hires21/unikmer_sorted_nonull/s__Arthrobacter_sp002008315
/data/huixingqi/sim_meta/HiResim/data/env/data/5_strain_unikmer/hires21/unikmer_sorted_nonull/s__Ascidiaceihabitans_sp905182105
/data/huixingqi/sim_meta/HiResim/data/env/data/5_strain_unikmer/hires21/unikmer_sorted_nonull/s__ASP10-02a_sp002312935
/data/huixingqi/sim_meta/HiResim/data/env/data/5_strain_unikmer/hires21/unikmer_sorted_nonull/s__ASP10-02a_sp002335115
/data/huixingqi/sim_meta/HiResim/data/env/data/5_strain_unikmer/hires21/unikmer_sorted_nonull/s__ASP10-02a_sp002470565
/data/huixingqi/sim_meta/HiResim/data/env/data/5_strain_unikmer/hires21/unikmer_sorted_nonull/s__ASP10-02a_sp905182035
/data/huixingqi/sim_meta/HiResim/data/env/data/5_strain_unikmer/hires21/unikmer_sorted_nonull/s__ASP10-05a_sp000981645
/data/huixingqi/sim_meta/HiResim/data/env/data/5_strain_unikmer/hires21/unikmer_sorted_nonull/s__ASP10-05a_sp905182895
/data/huixingqi/sim_meta/HiResim/data/env/data/5_strain_unikmer/hires21/unikmer_sorted_nonull/s__BACL14_sp905181685
/data/huixingqi/sim_meta/HiResim/data/env/data/5_strain_unikmer/hires21/unikmer_sorted_nonull/s__Bin16_sp009838965
/data/huixingqi/sim_meta/HiResim/data/env/data/5_strain_unikmer/hires21/unikmer_sorted_nonull/s__CACCCN01_sp905182145
/data/huixingqi/sim_meta/HiResim/data/env/data/5_strain_unikmer/hires21/unikmer_sorted_nonull/s__CAG-269_sp900556945
/data/huixingqi/sim_meta/HiResim/data/env/data/5_strain_unikmer/hires21/unikmer_sorted_nonull/s__CAG-485_sp900555915
/data/huixingqi/sim_meta/HiResim/data/env/data/5_strain_unikmer/hires21/unikmer_sorted_nonull/s__CAG-590_sp900544905
/data/huixingqi/sim_meta/HiResim/data/env/data/5_strain_unikmer/hires21/unikmer_sorted_nonull/s__CAG-83_sp900551355
/data/huixingqi/sim_meta/HiResim/data/env/data/5_strain_unikmer/hires21/unikmer_sorted_nonull/s__CAJJBL01_sp905182395
/data/huixingqi/sim_meta/HiResim/data/env/data/5_strain_unikmer/hires21/unikmer_sorted_nonull/s__CAJLXD01_sp900551585
/data/huixingqi/sim_meta/HiResim/data/env/data/5_strain_unikmer/hires21/unikmer_sorted_nonull/s__Collinsella_sp900545905
/data/huixingqi/sim_meta/HiResim/data/env/data/5_strain_unikmer/hires21/unikmer_sorted_nonull/s__Collinsella_sp900547505
/data/huixingqi/sim_meta/HiResim/data/env/data/5_strain_unikmer/hires21/unikmer_sorted_nonull/s__Collinsella_sp900547855
/data/huixingqi/sim_meta/HiResim/data/env/data/5_strain_unikmer/hires21/unikmer_sorted_nonull/s__Collinsella_sp900548495
/data/huixingqi/sim_meta/HiResim/data/env/data/5_strain_unikmer/hires21/unikmer_sorted_nonull/s__Collinsella_sp900548565
/data/huixingqi/sim_meta/HiResim/data/env/data/5_strain_unikmer/hires21/unikmer_sorted_nonull/s__Collinsella_sp900549195
/data/huixingqi/sim_meta/HiResim/data/env/data/5_strain_unikmer/hires21/unikmer_sorted_nonull/s__Collinsella_sp900549455
/data/huixingqi/sim_meta/HiResim/data/env/data/5_strain_unikmer/hires21/unikmer_sorted_nonull/s__Collinsella_sp900549555
/data/huixingqi/sim_meta/HiResim/data/env/data/5_strain_unikmer/hires21/unikmer_sorted_nonull/s__Collinsella_sp900551185
/data/huixingqi/sim_meta/HiResim/data/env/data/5_strain_unikmer/hires21/unikmer_sorted_nonull/s__Collinsella_sp900551605
/data/huixingqi/sim_meta/HiResim/data/env/data/5_strain_unikmer/hires21/unikmer_sorted_nonull/s__Collinsella_sp900551625
/data/huixingqi/sim_meta/HiResim/data/env/data/5_strain_unikmer/hires21/unikmer_sorted_nonull/s__Collinsella_sp900551655
/data/huixingqi/sim_meta/HiResim/data/env/data/5_strain_unikmer/hires21/unikmer_sorted_nonull/s__Collinsella_sp900552295
/data/huixingqi/sim_meta/HiResim/data/env/data/5_strain_unikmer/hires21/unikmer_sorted_nonull/s__Collinsella_sp900552995
/data/huixingqi/sim_meta/HiResim/data/env/data/5_strain_unikmer/hires21/unikmer_sorted_nonull/s__Collinsella_sp900553705
/data/huixingqi/sim_meta/HiResim/data/env/data/5_strain_unikmer/hires21/unikmer_sorted_nonull/s__Collinsella_sp900554465
/data/huixingqi/sim_meta/HiResim/data/env/data/5_strain_unikmer/hires21/unikmer_sorted_nonull/s__Collinsella_sp900556285
/data/huixingqi/sim_meta/HiResim/data/env/data/5_strain_unikmer/hires21/unikmer_sorted_nonull/s__Collinsella_sp900556515
/data/huixingqi/sim_meta/HiResim/data/env/data/5_strain_unikmer/hires21/unikmer_sorted_nonull/s__Collinsella_sp900764415
/data/huixingqi/sim_meta/HiResim/data/env/data/5_strain_unikmer/hires21/unikmer_sorted_nonull/s__Competibacter_A_sp003527885
/data/huixingqi/sim_meta/HiResim/data/env/data/5_strain_unikmer/hires21/unikmer_sorted_nonull/s__Coprococcus_sp900548315
/data/huixingqi/sim_meta/HiResim/data/env/data/5_strain_unikmer/hires21/unikmer_sorted_nonull/s__CPC320_sp002336405
/data/huixingqi/sim_meta/HiResim/data/env/data/5_strain_unikmer/hires21/unikmer_sorted_nonull/s__Cryptobacteroides_sp900316675
/data/huixingqi/sim_meta/HiResim/data/env/data/5_strain_unikmer/hires21/unikmer_sorted_nonull/s__D2472_sp905181595
/data/huixingqi/sim_meta/HiResim/data/env/data/5_strain_unikmer/hires21/unikmer_sorted_nonull/s__Dyella_sp016428975
/data/huixingqi/sim_meta/HiResim/data/env/data/5_strain_unikmer/hires21/unikmer_sorted_nonull/s__Egerieimonas_sp900552095
/data/huixingqi/sim_meta/HiResim/data/env/data/5_strain_unikmer/hires21/unikmer_sorted_nonull/s__Enterocloster_sp900541315
/data/huixingqi/sim_meta/HiResim/data/env/data/5_strain_unikmer/hires21/unikmer_sorted_nonull/s__Enterococcus_sp002140975
/data/huixingqi/sim_meta/HiResim/data/env/data/5_strain_unikmer/hires21/unikmer_sorted_nonull/s__Eubacterium_R_sp900540305
/data/huixingqi/sim_meta/HiResim/data/env/data/5_strain_unikmer/hires21/unikmer_sorted_nonull/s__Eubacterium_R_sp900544515
/data/huixingqi/sim_meta/HiResim/data/env/data/5_strain_unikmer/hires21/unikmer_sorted_nonull/s__Eubacterium_R_sp900547915
/data/huixingqi/sim_meta/HiResim/data/env/data/5_strain_unikmer/hires21/unikmer_sorted_nonull/s__Faecousia_sp900549495
/data/huixingqi/sim_meta/HiResim/data/env/data/5_strain_unikmer/hires21/unikmer_sorted_nonull/s__Flavobacterium_seoulense
/data/huixingqi/sim_meta/HiResim/data/env/data/5_strain_unikmer/hires21/unikmer_sorted_nonull/s__Garciella_sp900555725
/data/huixingqi/sim_meta/HiResim/data/env/data/5_strain_unikmer/hires21/unikmer_sorted_nonull/s__GCA-002697625_sp905478555
/data/huixingqi/sim_meta/HiResim/data/env/data/5_strain_unikmer/hires21/unikmer_sorted_nonull/s__GCA-002712045_sp905182165
/data/huixingqi/sim_meta/HiResim/data/env/data/5_strain_unikmer/hires21/unikmer_sorted_nonull/s__GCA-002733105_sp905181885
/data/huixingqi/sim_meta/HiResim/data/env/data/5_strain_unikmer/hires21/unikmer_sorted_nonull/s__GCA-002733185_sp018669795
/data/huixingqi/sim_meta/HiResim/data/env/data/5_strain_unikmer/hires21/unikmer_sorted_nonull/s__Goodfellowiella_coeruleoviolacea
/data/huixingqi/sim_meta/HiResim/data/env/data/5_strain_unikmer/hires21/unikmer_sorted_nonull/s__Halioglobus_sp002862465
/data/huixingqi/sim_meta/HiResim/data/env/data/5_strain_unikmer/hires21/unikmer_sorted_nonull/s__Halioglobus_sp002862985
/data/huixingqi/sim_meta/HiResim/data/env/data/5_strain_unikmer/hires21/unikmer_sorted_nonull/s__Hel1-33-131_sp018608625
/data/huixingqi/sim_meta/HiResim/data/env/data/5_strain_unikmer/hires21/unikmer_sorted_nonull/s__Herbaspirillum_sp016429215
/data/huixingqi/sim_meta/HiResim/data/env/data/5_strain_unikmer/hires21/unikmer_sorted_nonull/s__HTCC2207_sp014381985
/data/huixingqi/sim_meta/HiResim/data/env/data/5_strain_unikmer/hires21/unikmer_sorted_nonull/s__HTCC2207_sp905181925
/data/huixingqi/sim_meta/HiResim/data/env/data/5_strain_unikmer/hires21/unikmer_sorted_nonull/s__HTCC2207_sp905182265
/data/huixingqi/sim_meta/HiResim/data/env/data/5_strain_unikmer/hires21/unikmer_sorted_nonull/s__HTCC2207_sp905182275
/data/huixingqi/sim_meta/HiResim/data/env/data/5_strain_unikmer/hires21/unikmer_sorted_nonull/s__HTCC2207_sp905182855
/data/huixingqi/sim_meta/HiResim/data/env/data/5_strain_unikmer/hires21/unikmer_sorted_nonull/s__IMCC9063_sp000195085
/data/huixingqi/sim_meta/HiResim/data/env/data/5_strain_unikmer/hires21/unikmer_sorted_nonull/s__IMCC9063_sp008638205
/data/huixingqi/sim_meta/HiResim/data/env/data/5_strain_unikmer/hires21/unikmer_sorted_nonull/s__Limadaptatus_sp900553825
/data/huixingqi/sim_meta/HiResim/data/env/data/5_strain_unikmer/hires21/unikmer_sorted_nonull/s__Luteolibacter_sp905182475
/data/huixingqi/sim_meta/HiResim/data/env/data/5_strain_unikmer/hires21/unikmer_sorted_nonull/s__Lutibacter_sp004195315
/data/huixingqi/sim_meta/HiResim/data/env/data/5_strain_unikmer/hires21/unikmer_sorted_nonull/s__MAG-121220-bin8_sp905181625
/data/huixingqi/sim_meta/HiResim/data/env/data/5_strain_unikmer/hires21/unikmer_sorted_nonull/s__MAG-121220-bin8_sp905182765
/data/huixingqi/sim_meta/HiResim/data/env/data/5_strain_unikmer/hires21/unikmer_sorted_nonull/s__MED-G78_sp905181645
/data/huixingqi/sim_meta/HiResim/data/env/data/5_strain_unikmer/hires21/unikmer_sorted_nonull/s__MS024-2A_sp905182305
/data/huixingqi/sim_meta/HiResim/data/env/data/5_strain_unikmer/hires21/unikmer_sorted_nonull/s__MS024-2A_sp905480425
/data/huixingqi/sim_meta/HiResim/data/env/data/5_strain_unikmer/hires21/unikmer_sorted_nonull/s__Mucilaginibacter_sp001636615
/data/huixingqi/sim_meta/HiResim/data/env/data/5_strain_unikmer/hires21/unikmer_sorted_nonull/s__Palsa-1150_sp003153495
/data/huixingqi/sim_meta/HiResim/data/env/data/5_strain_unikmer/hires21/unikmer_sorted_nonull/s__Paraburkholderia_azotifigens
/data/huixingqi/sim_meta/HiResim/data/env/data/5_strain_unikmer/hires21/unikmer_sorted_nonull/s__Parasutterella_sp900554375
/data/huixingqi/sim_meta/HiResim/data/env/data/5_strain_unikmer/hires21/unikmer_sorted_nonull/s__Patiriisocius_sp018656255
/data/huixingqi/sim_meta/HiResim/data/env/data/5_strain_unikmer/hires21/unikmer_sorted_nonull/s__Patiriisocius_sp905182755
/data/huixingqi/sim_meta/HiResim/data/env/data/5_strain_unikmer/hires21/unikmer_sorted_nonull/s__Pauljensenia_culturomici
/data/huixingqi/sim_meta/HiResim/data/env/data/5_strain_unikmer/hires21/unikmer_sorted_nonull/s__Pedobacter_panaciterrae_A
/data/huixingqi/sim_meta/HiResim/data/env/data/5_strain_unikmer/hires21/unikmer_sorted_nonull/s__Pedobacter_sp016429155
/data/huixingqi/sim_meta/HiResim/data/env/data/5_strain_unikmer/hires21/unikmer_sorted_nonull/s__Pelagibacter_giovannonii
/data/huixingqi/sim_meta/HiResim/data/env/data/5_strain_unikmer/hires21/unikmer_sorted_nonull/s__Pelagibacter_sp013204495
/data/huixingqi/sim_meta/HiResim/data/env/data/5_strain_unikmer/hires21/unikmer_sorted_nonull/s__Pelagibacter_sp016778675
/data/huixingqi/sim_meta/HiResim/data/env/data/5_strain_unikmer/hires21/unikmer_sorted_nonull/s__Pelagibacter_sp905612335
/data/huixingqi/sim_meta/HiResim/data/env/data/5_strain_unikmer/hires21/unikmer_sorted_nonull/s__Pelagibacter_sp905612365
/data/huixingqi/sim_meta/HiResim/data/env/data/5_strain_unikmer/hires21/unikmer_sorted_nonull/s__Pelagibacter_sp905612375
/data/huixingqi/sim_meta/HiResim/data/env/data/5_strain_unikmer/hires21/unikmer_sorted_nonull/s__Pelagibacter_sp905612385
/data/huixingqi/sim_meta/HiResim/data/env/data/5_strain_unikmer/hires21/unikmer_sorted_nonull/s__Pelagibacter_sp905612465
/data/huixingqi/sim_meta/HiResim/data/env/data/5_strain_unikmer/hires21/unikmer_sorted_nonull/s__Pelagibacter_sp905612495
/data/huixingqi/sim_meta/HiResim/data/env/data/5_strain_unikmer/hires21/unikmer_sorted_nonull/s__Pelagibacter_sp905612525
/data/huixingqi/sim_meta/HiResim/data/env/data/5_strain_unikmer/hires21/unikmer_sorted_nonull/s__Pelagibacter_sp905616395
/data/huixingqi/sim_meta/HiResim/data/env/data/5_strain_unikmer/hires21/unikmer_sorted_nonull/s__Pelagibacter_sp905618805
/data/huixingqi/sim_meta/HiResim/data/env/data/5_strain_unikmer/hires21/unikmer_sorted_nonull/s__Pelagibacter_sp905618905
/data/huixingqi/sim_meta/HiResim/data/env/data/5_strain_unikmer/hires21/unikmer_sorted_nonull/s__Pelagibacter_sp905618915
/data/huixingqi/sim_meta/HiResim/data/env/data/5_strain_unikmer/hires21/unikmer_sorted_nonull/s__Pelagibacter_sp905620495
/data/huixingqi/sim_meta/HiResim/data/env/data/5_strain_unikmer/hires21/unikmer_sorted_nonull/s__Pelagibacter_ubique
/data/huixingqi/sim_meta/HiResim/data/env/data/5_strain_unikmer/hires21/unikmer_sorted_nonull/s__Pelagibacter_ubique_S
/data/huixingqi/sim_meta/HiResim/data/env/data/5_strain_unikmer/hires21/unikmer_sorted_nonull/s__Planktomarina_sp000981705
/data/huixingqi/sim_meta/HiResim/data/env/data/5_strain_unikmer/hires21/unikmer_sorted_nonull/s__Planktomarina_sp017856985
/data/huixingqi/sim_meta/HiResim/data/env/data/5_strain_unikmer/hires21/unikmer_sorted_nonull/s__Planktomarina_sp905182195
/data/huixingqi/sim_meta/HiResim/data/env/data/5_strain_unikmer/hires21/unikmer_sorted_nonull/s__Planktomarina_sp905182425
/data/huixingqi/sim_meta/HiResim/data/env/data/5_strain_unikmer/hires21/unikmer_sorted_nonull/s__Planktomarina_sp905182455
/data/huixingqi/sim_meta/HiResim/data/env/data/5_strain_unikmer/hires21/unikmer_sorted_nonull/s__Planktomarina_sp905182535
/data/huixingqi/sim_meta/HiResim/data/env/data/5_strain_unikmer/hires21/unikmer_sorted_nonull/s__Polaribacter_sp905181765
/data/huixingqi/sim_meta/HiResim/data/env/data/5_strain_unikmer/hires21/unikmer_sorted_nonull/s__Pseudoalteromonas_marina
/data/huixingqi/sim_meta/HiResim/data/env/data/5_strain_unikmer/hires21/unikmer_sorted_nonull/s__Pseudoalteromonas_neustonica
/data/huixingqi/sim_meta/HiResim/data/env/data/5_strain_unikmer/hires21/unikmer_sorted_nonull/s__Pseudothioglobus_aerophilus
/data/huixingqi/sim_meta/HiResim/data/env/data/5_strain_unikmer/hires21/unikmer_sorted_nonull/s__Pseudothioglobus_singularis_A
/data/huixingqi/sim_meta/HiResim/data/env/data/5_strain_unikmer/hires21/unikmer_sorted_nonull/s__Pseudothioglobus_sp905182815
/data/huixingqi/sim_meta/HiResim/data/env/data/5_strain_unikmer/hires21/unikmer_sorted_nonull/s__Pseudothioglobus_sp905612405
/data/huixingqi/sim_meta/HiResim/data/env/data/5_strain_unikmer/hires21/unikmer_sorted_nonull/s__Pseudothioglobus_sp905614365
/data/huixingqi/sim_meta/HiResim/data/env/data/5_strain_unikmer/hires21/unikmer_sorted_nonull/s__Pseudothioglobus_sp905618925
/data/huixingqi/sim_meta/HiResim/data/env/data/5_strain_unikmer/hires21/unikmer_sorted_nonull/s__Pseudothioglobus_sp905620445
/data/huixingqi/sim_meta/HiResim/data/env/data/5_strain_unikmer/hires21/unikmer_sorted_nonull/s__Ralstonia_sp016429285
/data/huixingqi/sim_meta/HiResim/data/env/data/5_strain_unikmer/hires21/unikmer_sorted_nonull/s__RF16_sp900317885
/data/huixingqi/sim_meta/HiResim/data/env/data/5_strain_unikmer/hires21/unikmer_sorted_nonull/s__Ruminococcus_D_sp900539095
/data/huixingqi/sim_meta/HiResim/data/env/data/5_strain_unikmer/hires21/unikmer_sorted_nonull/s__Ruminococcus_sp900540005
/data/huixingqi/sim_meta/HiResim/data/env/data/5_strain_unikmer/hires21/unikmer_sorted_nonull/s__SCGC-AAA076-P13_sp905182885
/data/huixingqi/sim_meta/HiResim/data/env/data/5_strain_unikmer/hires21/unikmer_sorted_nonull/s__SCGC-AAA160-P02_sp000383355
/data/huixingqi/sim_meta/HiResim/data/env/data/5_strain_unikmer/hires21/unikmer_sorted_nonull/s__SGZJ01_sp905182835
/data/huixingqi/sim_meta/HiResim/data/env/data/5_strain_unikmer/hires21/unikmer_sorted_nonull/s__Shewanella_hanedai
/data/huixingqi/sim_meta/HiResim/data/env/data/5_strain_unikmer/hires21/unikmer_sorted_nonull/s__Sporolactobacillus_sp900543345
/data/huixingqi/sim_meta/HiResim/data/env/data/5_strain_unikmer/hires21/unikmer_sorted_nonull/s__Streptomyces_cinnabarinus
/data/huixingqi/sim_meta/HiResim/data/env/data/5_strain_unikmer/hires21/unikmer_sorted_nonull/s__Streptomyces_griseoluteus_A
/data/huixingqi/sim_meta/HiResim/data/env/data/5_strain_unikmer/hires21/unikmer_sorted_nonull/s__Streptomyces_lilacinus
/data/huixingqi/sim_meta/HiResim/data/env/data/5_strain_unikmer/hires21/unikmer_sorted_nonull/s__Streptomyces_ochraceiscleroticus
/data/huixingqi/sim_meta/HiResim/data/env/data/5_strain_unikmer/hires21/unikmer_sorted_nonull/s__Streptomyces_sp000720325
/data/huixingqi/sim_meta/HiResim/data/env/data/5_strain_unikmer/hires21/unikmer_sorted_nonull/s__Streptomyces_speibonae
/data/huixingqi/sim_meta/HiResim/data/env/data/5_strain_unikmer/hires21/unikmer_sorted_nonull/s__Streptomyces_violaceus
/data/huixingqi/sim_meta/HiResim/data/env/data/5_strain_unikmer/hires21/unikmer_sorted_nonull/s__Sutterella_massiliensis
/data/huixingqi/sim_meta/HiResim/data/env/data/5_strain_unikmer/hires21/unikmer_sorted_nonull/s__SXIE01_sp005772945
/data/huixingqi/sim_meta/HiResim/data/env/data/5_strain_unikmer/hires21/unikmer_sorted_nonull/s__Tranquillimonas_alkanivorans
/data/huixingqi/sim_meta/HiResim/data/env/data/5_strain_unikmer/hires21/unikmer_sorted_nonull/s__UA16_sp002390615
/data/huixingqi/sim_meta/HiResim/data/env/data/5_strain_unikmer/hires21/unikmer_sorted_nonull/s__UBA10364_sp905182675
/data/huixingqi/sim_meta/HiResim/data/env/data/5_strain_unikmer/hires21/unikmer_sorted_nonull/s__UBA10677_sp900553005
/data/huixingqi/sim_meta/HiResim/data/env/data/5_strain_unikmer/hires21/unikmer_sorted_nonull/s__UBA1417_sp900552925
/data/huixingqi/sim_meta/HiResim/data/env/data/5_strain_unikmer/hires21/unikmer_sorted_nonull/s__UBA1994_sp002335865
/data/huixingqi/sim_meta/HiResim/data/env/data/5_strain_unikmer/hires21/unikmer_sorted_nonull/s__UBA2991_sp009838385
/data/huixingqi/sim_meta/HiResim/data/env/data/5_strain_unikmer/hires21/unikmer_sorted_nonull/s__UBA3910_sp002391465
/data/huixingqi/sim_meta/HiResim/data/env/data/5_strain_unikmer/hires21/unikmer_sorted_nonull/s__UBA4421_sp905182095
/data/huixingqi/sim_meta/HiResim/data/env/data/5_strain_unikmer/hires21/unikmer_sorted_nonull/s__UBA4441_sp018675425
/data/huixingqi/sim_meta/HiResim/data/env/data/5_strain_unikmer/hires21/unikmer_sorted_nonull/s__UBA4465_sp905182375
/data/huixingqi/sim_meta/HiResim/data/env/data/5_strain_unikmer/hires21/unikmer_sorted_nonull/s__UBA4582_sp905182025
/data/huixingqi/sim_meta/HiResim/data/env/data/5_strain_unikmer/hires21/unikmer_sorted_nonull/s__UBA7428_sp003023645
/data/huixingqi/sim_meta/HiResim/data/env/data/5_strain_unikmer/hires21/unikmer_sorted_nonull/s__UBA7428_sp905181615
/data/huixingqi/sim_meta/HiResim/data/env/data/5_strain_unikmer/hires21/unikmer_sorted_nonull/s__UBA9145_sp001438145
/data/huixingqi/sim_meta/HiResim/data/env/data/5_strain_unikmer/hires21/unikmer_sorted_nonull/s__UBA9659_sp018665025
/data/huixingqi/sim_meta/HiResim/data/env/data/5_strain_unikmer/hires21/unikmer_sorted_nonull/s__UBA9926_sp905182155
/data/huixingqi/sim_meta/HiResim/data/env/data/5_strain_unikmer/hires21/unikmer_sorted_nonull/s__UMGS1601_sp900553335
/data/huixingqi/sim_meta/HiResim/data/env/data/5_strain_unikmer/hires21/unikmer_sorted_nonull/s__UMGS1858_sp900555705
/data/huixingqi/sim_meta/HiResim/data/env/data/5_strain_unikmer/hires21/unikmer_sorted_nonull/s__UMGS2069_sp900557695
/data/huixingqi/sim_meta/HiResim/data/env/data/5_strain_unikmer/hires21/unikmer_sorted_nonull/s__UMGS687_sp900545735
/data/huixingqi/sim_meta/HiResim/data/env/data/5_strain_unikmer/hires21/unikmer_sorted_nonull/s__UWMA-0277_sp014384505
/data/huixingqi/sim_meta/HiResim/data/env/data/5_strain_unikmer/hires21/unikmer_sorted_nonull/s__Xanthomonas_campestris
/data/huixingqi/sim_meta/HiResim/data/env/data/5_strain_unikmer/hires21/unikmer_sorted_nonull/s__Yoonia_sp905182645
