Sketching /data/huixingqi/sim_meta/HiResim/tools/strain_genome/GCA_900556945.1_UMGS1983_genomic.fna...
Writing to /data/huixingqi/sim_meta/HiResim/data/env/data/7_ani/hires21/sketch/GCA_900556945.1.fna.msh...
Sketching /data/huixingqi/sim_meta/HiResim/tools/strain_genome/GCA_015767365.1_ASM1576736v1_genomic.fna...
Writing to /data/huixingqi/sim_meta/HiResim/data/env/data/7_ani/hires21/sketch/GCA_015767365.1.fna.msh...
Sketching /data/huixingqi/sim_meta/HiResim/tools/strain_genome/GCA_902784225.1_Rumen_uncultured_genome_RUG12949_genomic.fna...
Writing to /data/huixingqi/sim_meta/HiResim/data/env/data/7_ani/hires21/sketch/GCA_902784225.1.fna.msh...
Sketching /data/huixingqi/sim_meta/HiResim/tools/strain_genome/GCA_017856975.1_ASM1785697v1_genomic.fna...
Writing to /data/huixingqi/sim_meta/HiResim/data/env/data/7_ani/hires21/sketch/GCA_017856975.1.fna.msh...
Sketching /data/huixingqi/sim_meta/HiResim/tools/strain_genome/GCA_905478545.1_0.2_20180424_Bin_MAXBIN_133_1_genomic.fna...
Writing to /data/huixingqi/sim_meta/HiResim/data/env/data/7_ani/hires21/sketch/GCA_905478545.1.fna.msh...
Sketching /data/huixingqi/sim_meta/HiResim/tools/strain_genome/GCA_900556285.1_UMGS1919_genomic.fna...
Writing to /data/huixingqi/sim_meta/HiResim/data/env/data/7_ani/hires21/sketch/GCA_900556285.1.fna.msh...
Sketching /data/huixingqi/sim_meta/HiResim/tools/strain_genome/GCA_002393655.1_ASM239365v1_genomic.fna...
Writing to /data/huixingqi/sim_meta/HiResim/data/env/data/7_ani/hires21/sketch/GCA_002393655.1.fna.msh...
Sketching /data/huixingqi/sim_meta/HiResim/tools/strain_genome/GCF_016865405.1_ASM1686540v1_genomic.fna...
Writing to /data/huixingqi/sim_meta/HiResim/data/env/data/7_ani/hires21/sketch/GCF_016865405.1.fna.msh...
Sketching /data/huixingqi/sim_meta/HiResim/tools/strain_genome/GCA_008638035.1_ASM863803v1_genomic.fna...
Writing to /data/huixingqi/sim_meta/HiResim/data/env/data/7_ani/hires21/sketch/GCA_008638035.1.fna.msh...
Sketching /data/huixingqi/sim_meta/HiResim/tools/strain_genome/GCA_017467505.1_ASM1746750v1_genomic.fna...
Writing to /data/huixingqi/sim_meta/HiResim/data/env/data/7_ani/hires21/sketch/GCA_017467505.1.fna.msh...
Sketching /data/huixingqi/sim_meta/HiResim/tools/strain_genome/GCA_000981705.1_ASM98170v1_genomic.fna...
Writing to /data/huixingqi/sim_meta/HiResim/data/env/data/7_ani/hires21/sketch/GCA_000981705.1.fna.msh...
Sketching /data/huixingqi/sim_meta/HiResim/tools/strain_genome/GCA_003527885.1_ASM352788v1_genomic.fna...
Writing to /data/huixingqi/sim_meta/HiResim/data/env/data/7_ani/hires21/sketch/GCA_003527885.1.fna.msh...
Sketching /data/huixingqi/sim_meta/HiResim/tools/strain_genome/GCA_002367635.1_ASM236763v1_genomic.fna...
Writing to /data/huixingqi/sim_meta/HiResim/data/env/data/7_ani/hires21/sketch/GCA_002367635.1.fna.msh...
Sketching /data/huixingqi/sim_meta/HiResim/tools/strain_genome/GCA_018645905.1_ASM1864590v1_genomic.fna...
Writing to /data/huixingqi/sim_meta/HiResim/data/env/data/7_ani/hires21/sketch/GCA_018645905.1.fna.msh...
Sketching /data/huixingqi/sim_meta/HiResim/tools/strain_genome/GCA_905210155.1_ERR260195-mag-bin.7_genomic.fna...
Writing to /data/huixingqi/sim_meta/HiResim/data/env/data/7_ani/hires21/sketch/GCA_905210155.1.fna.msh...
Sketching /data/huixingqi/sim_meta/HiResim/tools/strain_genome/GCA_905181645.1_FRAM18_bin311_genomic.fna...
Writing to /data/huixingqi/sim_meta/HiResim/data/env/data/7_ani/hires21/sketch/GCA_905181645.1.fna.msh...
Sketching /data/huixingqi/sim_meta/HiResim/tools/strain_genome/GCA_018668615.1_ASM1866861v1_genomic.fna...
Writing to /data/huixingqi/sim_meta/HiResim/data/env/data/7_ani/hires21/sketch/GCA_018668615.1.fna.msh...
Sketching /data/huixingqi/sim_meta/HiResim/tools/strain_genome/GCA_003538795.1_ASM353879v1_genomic.fna...
Writing to /data/huixingqi/sim_meta/HiResim/data/env/data/7_ani/hires21/sketch/GCA_003538795.1.fna.msh...
Sketching /data/huixingqi/sim_meta/HiResim/tools/strain_genome/GCA_018697925.1_ASM1869792v1_genomic.fna...
Writing to /data/huixingqi/sim_meta/HiResim/data/env/data/7_ani/hires21/sketch/GCA_018697925.1.fna.msh...
Sketching /data/huixingqi/sim_meta/HiResim/tools/strain_genome/GCA_900542795.1_UMGS499_genomic.fna...
Writing to /data/huixingqi/sim_meta/HiResim/data/env/data/7_ani/hires21/sketch/GCA_900542795.1.fna.msh...
Sketching /data/huixingqi/sim_meta/HiResim/tools/strain_genome/GCA_900762825.1_SRS1596774_39_genomic.fna...
Writing to /data/huixingqi/sim_meta/HiResim/data/env/data/7_ani/hires21/sketch/GCA_900762825.1.fna.msh...
Sketching /data/huixingqi/sim_meta/HiResim/tools/strain_genome/GCA_018658145.1_ASM1865814v1_genomic.fna...
Writing to /data/huixingqi/sim_meta/HiResim/data/env/data/7_ani/hires21/sketch/GCA_018658145.1.fna.msh...
Sketching /data/huixingqi/sim_meta/HiResim/tools/strain_genome/GCA_900539095.1_UMGS91_genomic.fna...
Writing to /data/huixingqi/sim_meta/HiResim/data/env/data/7_ani/hires21/sketch/GCA_900539095.1.fna.msh...
Sketching /data/huixingqi/sim_meta/HiResim/tools/strain_genome/GCA_905612375.1_RIS-SAG-17_genomic.fna...
Writing to /data/huixingqi/sim_meta/HiResim/data/env/data/7_ani/hires21/sketch/GCA_905612375.1.fna.msh...
Sketching /data/huixingqi/sim_meta/HiResim/tools/strain_genome/GCA_905612465.1_RIS-SAG-27_genomic.fna...
Writing to /data/huixingqi/sim_meta/HiResim/data/env/data/7_ani/hires21/sketch/GCA_905612465.1.fna.msh...
Sketching /data/huixingqi/sim_meta/HiResim/tools/strain_genome/GCF_000720485.1_ASM72048v1_genomic.fna...
Writing to /data/huixingqi/sim_meta/HiResim/data/env/data/7_ani/hires21/sketch/GCF_000720485.1.fna.msh...
Sketching /data/huixingqi/sim_meta/HiResim/tools/strain_genome/GCA_018699325.1_ASM1869932v1_genomic.fna...
Writing to /data/huixingqi/sim_meta/HiResim/data/env/data/7_ani/hires21/sketch/GCA_018699325.1.fna.msh...
Sketching /data/huixingqi/sim_meta/HiResim/tools/strain_genome/GCF_014841015.1_ASM1484101v1_genomic.fna...
Writing to /data/huixingqi/sim_meta/HiResim/data/env/data/7_ani/hires21/sketch/GCF_014841015.1.fna.msh...
Sketching /data/huixingqi/sim_meta/HiResim/tools/strain_genome/GCA_003491685.1_ASM349168v1_genomic.fna...
Writing to /data/huixingqi/sim_meta/HiResim/data/env/data/7_ani/hires21/sketch/GCA_003491685.1.fna.msh...
Sketching /data/huixingqi/sim_meta/HiResim/tools/strain_genome/GCA_017880085.1_ASM1788008v1_genomic.fna...
Writing to /data/huixingqi/sim_meta/HiResim/data/env/data/7_ani/hires21/sketch/GCA_017880085.1.fna.msh...
Sketching /data/huixingqi/sim_meta/HiResim/tools/strain_genome/GCA_002389325.1_ASM238932v1_genomic.fna...
Writing to /data/huixingqi/sim_meta/HiResim/data/env/data/7_ani/hires21/sketch/GCA_002389325.1.fna.msh...
Sketching /data/huixingqi/sim_meta/HiResim/tools/strain_genome/GCA_900551605.1_UMGS1417_genomic.fna...
Writing to /data/huixingqi/sim_meta/HiResim/data/env/data/7_ani/hires21/sketch/GCA_900551605.1.fna.msh...
Sketching /data/huixingqi/sim_meta/HiResim/tools/strain_genome/GCA_905182845.1_FRAM18_bin246_genomic.fna...
Writing to /data/huixingqi/sim_meta/HiResim/data/env/data/7_ani/hires21/sketch/GCA_905182845.1.fna.msh...
Sketching /data/huixingqi/sim_meta/HiResim/tools/strain_genome/GCA_900545905.1_UMGS833_genomic.fna...
Writing to /data/huixingqi/sim_meta/HiResim/data/env/data/7_ani/hires21/sketch/GCA_900545905.1.fna.msh...
Sketching /data/huixingqi/sim_meta/HiResim/tools/strain_genome/GCA_900764135.1_SRS1719132_12_genomic.fna...
Writing to /data/huixingqi/sim_meta/HiResim/data/env/data/7_ani/hires21/sketch/GCA_900764135.1.fna.msh...
Sketching /data/huixingqi/sim_meta/HiResim/tools/strain_genome/GCA_900552095.1_UMGS1472_genomic.fna...
Writing to /data/huixingqi/sim_meta/HiResim/data/env/data/7_ani/hires21/sketch/GCA_900552095.1.fna.msh...
Sketching /data/huixingqi/sim_meta/HiResim/tools/strain_genome/GCA_018702485.1_ASM1870248v1_genomic.fna...
Writing to /data/huixingqi/sim_meta/HiResim/data/env/data/7_ani/hires21/sketch/GCA_018702485.1.fna.msh...
Sketching /data/huixingqi/sim_meta/HiResim/tools/strain_genome/GCA_002391465.1_ASM239146v1_genomic.fna...
Writing to /data/huixingqi/sim_meta/HiResim/data/env/data/7_ani/hires21/sketch/GCA_002391465.1.fna.msh...
Sketching /data/huixingqi/sim_meta/HiResim/tools/strain_genome/GCA_002311605.1_ASM231160v1_genomic.fna...
Writing to /data/huixingqi/sim_meta/HiResim/data/env/data/7_ani/hires21/sketch/GCA_002311605.1.fna.msh...
Sketching /data/huixingqi/sim_meta/HiResim/tools/strain_genome/GCA_002340595.1_ASM234059v1_genomic.fna...
Writing to /data/huixingqi/sim_meta/HiResim/data/env/data/7_ani/hires21/sketch/GCA_002340595.1.fna.msh...
Sketching /data/huixingqi/sim_meta/HiResim/tools/strain_genome/GCA_018646525.1_ASM1864652v1_genomic.fna...
Writing to /data/huixingqi/sim_meta/HiResim/data/env/data/7_ani/hires21/sketch/GCA_018646525.1.fna.msh...
Sketching /data/huixingqi/sim_meta/HiResim/tools/strain_genome/GCA_018696935.1_ASM1869693v1_genomic.fna...
Writing to /data/huixingqi/sim_meta/HiResim/data/env/data/7_ani/hires21/sketch/GCA_018696935.1.fna.msh...
Sketching /data/huixingqi/sim_meta/HiResim/tools/strain_genome/GCA_017857355.1_ASM1785735v1_genomic.fna...
Writing to /data/huixingqi/sim_meta/HiResim/data/env/data/7_ani/hires21/sketch/GCA_017857355.1.fna.msh...
Sketching /data/huixingqi/sim_meta/HiResim/tools/strain_genome/GCA_900557695.1_UMGS2069_genomic.fna...
Writing to /data/huixingqi/sim_meta/HiResim/data/env/data/7_ani/hires21/sketch/GCA_900557695.1.fna.msh...
Sketching /data/huixingqi/sim_meta/HiResim/tools/strain_genome/GCA_905477765.1_0.2_20180319_Bin_205_1_genomic.fna...
Writing to /data/huixingqi/sim_meta/HiResim/data/env/data/7_ani/hires21/sketch/GCA_905477765.1.fna.msh...
Sketching /data/huixingqi/sim_meta/HiResim/tools/strain_genome/GCA_905182895.1_FRAM18_bin218_genomic.fna...
Writing to /data/huixingqi/sim_meta/HiResim/data/env/data/7_ani/hires21/sketch/GCA_905182895.1.fna.msh...
Sketching /data/huixingqi/sim_meta/HiResim/tools/strain_genome/GCA_018665025.1_ASM1866502v1_genomic.fna...
Writing to /data/huixingqi/sim_meta/HiResim/data/env/data/7_ani/hires21/sketch/GCA_018665025.1.fna.msh...
Sketching /data/huixingqi/sim_meta/HiResim/tools/strain_genome/GCA_018664935.1_ASM1866493v1_genomic.fna...
Writing to /data/huixingqi/sim_meta/HiResim/data/env/data/7_ani/hires21/sketch/GCA_018664935.1.fna.msh...
Sketching /data/huixingqi/sim_meta/HiResim/tools/strain_genome/GCA_018674015.1_ASM1867401v1_genomic.fna...
Writing to /data/huixingqi/sim_meta/HiResim/data/env/data/7_ani/hires21/sketch/GCA_018674015.1.fna.msh...
Sketching /data/huixingqi/sim_meta/HiResim/tools/strain_genome/GCA_900039355.1_20120321_genomic.fna...
Writing to /data/huixingqi/sim_meta/HiResim/data/env/data/7_ani/hires21/sketch/GCA_900039355.1.fna.msh...
Sketching /data/huixingqi/sim_meta/HiResim/tools/strain_genome/GCA_905478615.1_0.2_20180502_Bin_148_sub_1_genomic.fna...
Writing to /data/huixingqi/sim_meta/HiResim/data/env/data/7_ani/hires21/sketch/GCA_905478615.1.fna.msh...
Sketching /data/huixingqi/sim_meta/HiResim/tools/strain_genome/GCF_000155615.1_ASM15561v1_genomic.fna...
Writing to /data/huixingqi/sim_meta/HiResim/data/env/data/7_ani/hires21/sketch/GCF_000155615.1.fna.msh...
Sketching /data/huixingqi/sim_meta/HiResim/tools/strain_genome/GCA_017857245.1_ASM1785724v1_genomic.fna...
Writing to /data/huixingqi/sim_meta/HiResim/data/env/data/7_ani/hires21/sketch/GCA_017857245.1.fna.msh...
Sketching /data/huixingqi/sim_meta/HiResim/tools/strain_genome/GCA_018669795.1_ASM1866979v1_genomic.fna...
Writing to /data/huixingqi/sim_meta/HiResim/data/env/data/7_ani/hires21/sketch/GCA_018669795.1.fna.msh...
Sketching /data/huixingqi/sim_meta/HiResim/tools/strain_genome/GCA_900548495.1_UMGS1095_genomic.fna...
Writing to /data/huixingqi/sim_meta/HiResim/data/env/data/7_ani/hires21/sketch/GCA_900548495.1.fna.msh...
Sketching /data/huixingqi/sim_meta/HiResim/tools/strain_genome/GCA_000715605.1_ASM71560v1_genomic.fna...
Writing to /data/huixingqi/sim_meta/HiResim/data/env/data/7_ani/hires21/sketch/GCA_000715605.1.fna.msh...
Sketching /data/huixingqi/sim_meta/HiResim/tools/strain_genome/GCA_017854185.1_ASM1785418v1_genomic.fna...
Writing to /data/huixingqi/sim_meta/HiResim/data/env/data/7_ani/hires21/sketch/GCA_017854185.1.fna.msh...
Sketching /data/huixingqi/sim_meta/HiResim/tools/strain_genome/GCA_013204495.1_ASM1320449v1_genomic.fna...
Writing to /data/huixingqi/sim_meta/HiResim/data/env/data/7_ani/hires21/sketch/GCA_013204495.1.fna.msh...
Sketching /data/huixingqi/sim_meta/HiResim/tools/strain_genome/GCA_018668115.1_ASM1866811v1_genomic.fna...
Writing to /data/huixingqi/sim_meta/HiResim/data/env/data/7_ani/hires21/sketch/GCA_018668115.1.fna.msh...
Sketching /data/huixingqi/sim_meta/HiResim/tools/strain_genome/GCA_905182535.1_FRAM18_bin318_genomic.fna...
Writing to /data/huixingqi/sim_meta/HiResim/data/env/data/7_ani/hires21/sketch/GCA_905182535.1.fna.msh...
Sketching /data/huixingqi/sim_meta/HiResim/tools/strain_genome/GCA_000383355.1_ASM38335v1_genomic.fna...
Writing to /data/huixingqi/sim_meta/HiResim/data/env/data/7_ani/hires21/sketch/GCA_000383355.1.fna.msh...
Sketching /data/huixingqi/sim_meta/HiResim/tools/strain_genome/GCA_002477645.1_ASM247764v1_genomic.fna...
Writing to /data/huixingqi/sim_meta/HiResim/data/env/data/7_ani/hires21/sketch/GCA_002477645.1.fna.msh...
Sketching /data/huixingqi/sim_meta/HiResim/tools/strain_genome/GCA_002469635.1_ASM246963v1_genomic.fna...
Writing to /data/huixingqi/sim_meta/HiResim/data/env/data/7_ani/hires21/sketch/GCA_002469635.1.fna.msh...
Sketching /data/huixingqi/sim_meta/HiResim/tools/strain_genome/GCF_014647575.1_ASM1464757v1_genomic.fna...
Writing to /data/huixingqi/sim_meta/HiResim/data/env/data/7_ani/hires21/sketch/GCF_014647575.1.fna.msh...
Sketching /data/huixingqi/sim_meta/HiResim/tools/strain_genome/GCA_014384505.1_ASM1438450v1_genomic.fna...
Writing to /data/huixingqi/sim_meta/HiResim/data/env/data/7_ani/hires21/sketch/GCA_014384505.1.fna.msh...
Sketching /data/huixingqi/sim_meta/HiResim/tools/strain_genome/GCA_002862685.1_ASM286268v1_genomic.fna...
Writing to /data/huixingqi/sim_meta/HiResim/data/env/data/7_ani/hires21/sketch/GCA_002862685.1.fna.msh...
Sketching /data/huixingqi/sim_meta/HiResim/tools/strain_genome/GCA_900551655.1_UMGS1420_genomic.fna...
Writing to /data/huixingqi/sim_meta/HiResim/data/env/data/7_ani/hires21/sketch/GCA_900551655.1.fna.msh...
Sketching /data/huixingqi/sim_meta/HiResim/tools/strain_genome/GCA_003543815.1_ASM354381v1_genomic.fna...
Writing to /data/huixingqi/sim_meta/HiResim/data/env/data/7_ani/hires21/sketch/GCA_003543815.1.fna.msh...
Sketching /data/huixingqi/sim_meta/HiResim/tools/strain_genome/GCA_900752105.1_ERS235559_36_genomic.fna...
Writing to /data/huixingqi/sim_meta/HiResim/data/env/data/7_ani/hires21/sketch/GCA_900752105.1.fna.msh...
Sketching /data/huixingqi/sim_meta/HiResim/tools/strain_genome/GCF_000401735.2_ASM40173v2_genomic.fna...
Writing to /data/huixingqi/sim_meta/HiResim/data/env/data/7_ani/hires21/sketch/GCF_000401735.2.fna.msh...
Sketching /data/huixingqi/sim_meta/HiResim/tools/strain_genome/GCA_905181885.1_FRAM18_bin228_genomic.fna...
Writing to /data/huixingqi/sim_meta/HiResim/data/env/data/7_ani/hires21/sketch/GCA_905181885.1.fna.msh...
Sketching /data/huixingqi/sim_meta/HiResim/tools/strain_genome/GCA_900549895.1_UMGS1239_genomic.fna...
Writing to /data/huixingqi/sim_meta/HiResim/data/env/data/7_ani/hires21/sketch/GCA_900549895.1.fna.msh...
Sketching /data/huixingqi/sim_meta/HiResim/tools/strain_genome/GCA_900555725.1_UMGS1857_genomic.fna...
Writing to /data/huixingqi/sim_meta/HiResim/data/env/data/7_ani/hires21/sketch/GCA_900555725.1.fna.msh...
Sketching /data/huixingqi/sim_meta/HiResim/tools/strain_genome/GCF_016428975.1_ASM1642897v1_genomic.fna...
Writing to /data/huixingqi/sim_meta/HiResim/data/env/data/7_ani/hires21/sketch/GCF_016428975.1.fna.msh...
Sketching /data/huixingqi/sim_meta/HiResim/tools/strain_genome/GCA_000981725.1_ASM98172v1_genomic.fna...
Writing to /data/huixingqi/sim_meta/HiResim/data/env/data/7_ani/hires21/sketch/GCA_000981725.1.fna.msh...
Sketching /data/huixingqi/sim_meta/HiResim/tools/strain_genome/GCA_018653165.1_ASM1865316v1_genomic.fna...
Writing to /data/huixingqi/sim_meta/HiResim/data/env/data/7_ani/hires21/sketch/GCA_018653165.1.fna.msh...
Sketching /data/huixingqi/sim_meta/HiResim/tools/strain_genome/GCA_002365775.1_ASM236577v1_genomic.fna...
Writing to /data/huixingqi/sim_meta/HiResim/data/env/data/7_ani/hires21/sketch/GCA_002365775.1.fna.msh...
Sketching /data/huixingqi/sim_meta/HiResim/tools/strain_genome/GCA_002383745.1_ASM238374v1_genomic.fna...
Writing to /data/huixingqi/sim_meta/HiResim/data/env/data/7_ani/hires21/sketch/GCA_002383745.1.fna.msh...
Sketching /data/huixingqi/sim_meta/HiResim/tools/strain_genome/GCA_018672535.1_ASM1867253v1_genomic.fna...
Writing to /data/huixingqi/sim_meta/HiResim/data/env/data/7_ani/hires21/sketch/GCA_018672535.1.fna.msh...
Sketching /data/huixingqi/sim_meta/HiResim/tools/strain_genome/GCA_900553005.1_UMGS1569_genomic.fna...
Writing to /data/huixingqi/sim_meta/HiResim/data/env/data/7_ani/hires21/sketch/GCA_900553005.1.fna.msh...
Sketching /data/huixingqi/sim_meta/HiResim/tools/strain_genome/GCA_905181595.1_FRAM18_bin297_genomic.fna...
Writing to /data/huixingqi/sim_meta/HiResim/data/env/data/7_ani/hires21/sketch/GCA_905181595.1.fna.msh...
Sketching /data/huixingqi/sim_meta/HiResim/tools/strain_genome/GCA_900553705.1_UMGS1638_genomic.fna...
Writing to /data/huixingqi/sim_meta/HiResim/data/env/data/7_ani/hires21/sketch/GCA_900553705.1.fna.msh...
Sketching /data/huixingqi/sim_meta/HiResim/tools/strain_genome/GCA_000715825.1_ASM71582v1_genomic.fna...
Writing to /data/huixingqi/sim_meta/HiResim/data/env/data/7_ani/hires21/sketch/GCA_000715825.1.fna.msh...
Sketching /data/huixingqi/sim_meta/HiResim/tools/strain_genome/GCA_900757175.1_ERS537292_27_genomic.fna...
Writing to /data/huixingqi/sim_meta/HiResim/data/env/data/7_ani/hires21/sketch/GCA_900757175.1.fna.msh...
Sketching /data/huixingqi/sim_meta/HiResim/tools/strain_genome/GCA_900554465.1_UMGS1721_genomic.fna...
Writing to /data/huixingqi/sim_meta/HiResim/data/env/data/7_ani/hires21/sketch/GCA_900554465.1.fna.msh...
Sketching /data/huixingqi/sim_meta/HiResim/tools/strain_genome/GCA_018652035.1_ASM1865203v1_genomic.fna...
Writing to /data/huixingqi/sim_meta/HiResim/data/env/data/7_ani/hires21/sketch/GCA_018652035.1.fna.msh...
Sketching /data/huixingqi/sim_meta/HiResim/tools/strain_genome/GCF_002008315.2_ASM200831v2_genomic.fna...
Writing to /data/huixingqi/sim_meta/HiResim/data/env/data/7_ani/hires21/sketch/GCF_002008315.2.fna.msh...
Sketching /data/huixingqi/sim_meta/HiResim/tools/strain_genome/GCA_905182475.1_FRAM18_bin328_genomic.fna...
Writing to /data/huixingqi/sim_meta/HiResim/data/env/data/7_ani/hires21/sketch/GCA_905182475.1.fna.msh...
Sketching /data/huixingqi/sim_meta/HiResim/tools/strain_genome/GCA_018695495.1_ASM1869549v1_genomic.fna...
Writing to /data/huixingqi/sim_meta/HiResim/data/env/data/7_ani/hires21/sketch/GCA_018695495.1.fna.msh...
Sketching /data/huixingqi/sim_meta/HiResim/tools/strain_genome/GCA_900039345.1_20120324_genomic.fna...
Writing to /data/huixingqi/sim_meta/HiResim/data/env/data/7_ani/hires21/sketch/GCA_900039345.1.fna.msh...
Sketching /data/huixingqi/sim_meta/HiResim/tools/strain_genome/GCF_000695795.1_ASM69579v1_genomic.fna...
Writing to /data/huixingqi/sim_meta/HiResim/data/env/data/7_ani/hires21/sketch/GCF_000695795.1.fna.msh...
Sketching /data/huixingqi/sim_meta/HiResim/tools/strain_genome/GCA_905620445.1_RIS-SAG-63_genomic.fna...
Writing to /data/huixingqi/sim_meta/HiResim/data/env/data/7_ani/hires21/sketch/GCA_905620445.1.fna.msh...
Sketching /data/huixingqi/sim_meta/HiResim/tools/strain_genome/GCA_018672695.1_ASM1867269v1_genomic.fna...
Writing to /data/huixingqi/sim_meta/HiResim/data/env/data/7_ani/hires21/sketch/GCA_018672695.1.fna.msh...
Sketching /data/huixingqi/sim_meta/HiResim/tools/strain_genome/GCA_905182055.1_FRAM18_bin063_genomic.fna...
Writing to /data/huixingqi/sim_meta/HiResim/data/env/data/7_ani/hires21/sketch/GCA_905182055.1.fna.msh...
Sketching /data/huixingqi/sim_meta/HiResim/tools/strain_genome/GCF_003410105.1_ASM341010v1_genomic.fna...
Writing to /data/huixingqi/sim_meta/HiResim/data/env/data/7_ani/hires21/sketch/GCF_003410105.1.fna.msh...
Sketching /data/huixingqi/sim_meta/HiResim/tools/strain_genome/GCA_003023645.1_ASM302364v1_genomic.fna...
Writing to /data/huixingqi/sim_meta/HiResim/data/env/data/7_ani/hires21/sketch/GCA_003023645.1.fna.msh...
Sketching /data/huixingqi/sim_meta/HiResim/tools/strain_genome/GCF_900115595.1_IMG-taxon_2622736594_annotated_assembly_genomic.fna...
Writing to /data/huixingqi/sim_meta/HiResim/data/env/data/7_ani/hires21/sketch/GCF_900115595.1.fna.msh...
Sketching /data/huixingqi/sim_meta/HiResim/tools/strain_genome/GCF_014191845.1_ASM1419184v1_genomic.fna...
Writing to /data/huixingqi/sim_meta/HiResim/data/env/data/7_ani/hires21/sketch/GCF_014191845.1.fna.msh...
Sketching /data/huixingqi/sim_meta/HiResim/tools/strain_genome/GCA_900551355.1_UMGS1392_genomic.fna...
Writing to /data/huixingqi/sim_meta/HiResim/data/env/data/7_ani/hires21/sketch/GCA_900551355.1.fna.msh...
Sketching /data/huixingqi/sim_meta/HiResim/tools/strain_genome/GCA_905182005.1_FRAM18_bin263_genomic.fna...
Writing to /data/huixingqi/sim_meta/HiResim/data/env/data/7_ani/hires21/sketch/GCA_905182005.1.fna.msh...
Sketching /data/huixingqi/sim_meta/HiResim/tools/strain_genome/GCA_905182645.1_FRAM18_bin033_genomic.fna...
Writing to /data/huixingqi/sim_meta/HiResim/data/env/data/7_ani/hires21/sketch/GCA_905182645.1.fna.msh...
Sketching /data/huixingqi/sim_meta/HiResim/tools/strain_genome/GCA_900551225.1_UMGS1373_genomic.fna...
Writing to /data/huixingqi/sim_meta/HiResim/data/env/data/7_ani/hires21/sketch/GCA_900551225.1.fna.msh...
Sketching /data/huixingqi/sim_meta/HiResim/tools/strain_genome/GCF_007197645.1_ASM719764v1_genomic.fna...
Writing to /data/huixingqi/sim_meta/HiResim/data/env/data/7_ani/hires21/sketch/GCF_007197645.1.fna.msh...
Sketching /data/huixingqi/sim_meta/HiResim/tools/strain_genome/GCF_002140975.1_ASM214097v1_genomic.fna...
Writing to /data/huixingqi/sim_meta/HiResim/data/env/data/7_ani/hires21/sketch/GCF_002140975.1.fna.msh...
Sketching /data/huixingqi/sim_meta/HiResim/tools/strain_genome/GCF_012932795.1_ASM1293279v1_genomic.fna...
Writing to /data/huixingqi/sim_meta/HiResim/data/env/data/7_ani/hires21/sketch/GCF_012932795.1.fna.msh...
Sketching /data/huixingqi/sim_meta/HiResim/tools/strain_genome/GCA_900549455.1_UMGS1190_genomic.fna...
Writing to /data/huixingqi/sim_meta/HiResim/data/env/data/7_ani/hires21/sketch/GCA_900549455.1.fna.msh...
Sketching /data/huixingqi/sim_meta/HiResim/tools/strain_genome/GCA_015655695.1_ASM1565569v1_genomic.fna...
Writing to /data/huixingqi/sim_meta/HiResim/data/env/data/7_ani/hires21/sketch/GCA_015655695.1.fna.msh...
Sketching /data/huixingqi/sim_meta/HiResim/tools/strain_genome/GCA_018363345.1_ASM1836334v1_genomic.fna...
Writing to /data/huixingqi/sim_meta/HiResim/data/env/data/7_ani/hires21/sketch/GCA_018363345.1.fna.msh...
Sketching /data/huixingqi/sim_meta/HiResim/tools/strain_genome/GCA_018607985.1_ASM1860798v1_genomic.fna...
Writing to /data/huixingqi/sim_meta/HiResim/data/env/data/7_ani/hires21/sketch/GCA_018607985.1.fna.msh...
Sketching /data/huixingqi/sim_meta/HiResim/tools/strain_genome/GCA_005772945.1_ASM577294v1_genomic.fna...
Writing to /data/huixingqi/sim_meta/HiResim/data/env/data/7_ani/hires21/sketch/GCA_005772945.1.fna.msh...
Sketching /data/huixingqi/sim_meta/HiResim/tools/strain_genome/GCA_018694565.1_ASM1869456v1_genomic.fna...
Writing to /data/huixingqi/sim_meta/HiResim/data/env/data/7_ani/hires21/sketch/GCA_018694565.1.fna.msh...
Sketching /data/huixingqi/sim_meta/HiResim/tools/strain_genome/GCA_900553105.1_UMGS1579_genomic.fna...
Writing to /data/huixingqi/sim_meta/HiResim/data/env/data/7_ani/hires21/sketch/GCA_900553105.1.fna.msh...
Sketching /data/huixingqi/sim_meta/HiResim/tools/strain_genome/GCA_905181925.1_FRAM18_bin259_genomic.fna...
Writing to /data/huixingqi/sim_meta/HiResim/data/env/data/7_ani/hires21/sketch/GCA_905181925.1.fna.msh...
Sketching /data/huixingqi/sim_meta/HiResim/tools/strain_genome/GCA_018675355.1_ASM1867535v1_genomic.fna...
Writing to /data/huixingqi/sim_meta/HiResim/data/env/data/7_ani/hires21/sketch/GCA_018675355.1.fna.msh...
Sketching /data/huixingqi/sim_meta/HiResim/tools/strain_genome/GCF_000720325.1_ASM72032v1_genomic.fna...
Writing to /data/huixingqi/sim_meta/HiResim/data/env/data/7_ani/hires21/sketch/GCF_000720325.1.fna.msh...
Sketching /data/huixingqi/sim_meta/HiResim/tools/strain_genome/GCA_905620495.1_RIS-SAG-65_genomic.fna...
Writing to /data/huixingqi/sim_meta/HiResim/data/env/data/7_ani/hires21/sketch/GCA_905620495.1.fna.msh...
Sketching /data/huixingqi/sim_meta/HiResim/tools/strain_genome/GCA_002336165.1_ASM233616v1_genomic.fna...
Writing to /data/huixingqi/sim_meta/HiResim/data/env/data/7_ani/hires21/sketch/GCA_002336165.1.fna.msh...
Sketching /data/huixingqi/sim_meta/HiResim/tools/strain_genome/GCA_900547915.1_UMGS1027_genomic.fna...
Writing to /data/huixingqi/sim_meta/HiResim/data/env/data/7_ani/hires21/sketch/GCA_900547915.1.fna.msh...
Sketching /data/huixingqi/sim_meta/HiResim/tools/strain_genome/GCA_905212245.1_ERR414289-mag-bin.25_genomic.fna...
Writing to /data/huixingqi/sim_meta/HiResim/data/env/data/7_ani/hires21/sketch/GCA_905212245.1.fna.msh...
Sketching /data/huixingqi/sim_meta/HiResim/tools/strain_genome/GCA_900547855.1_UMGS1030_genomic.fna...
Writing to /data/huixingqi/sim_meta/HiResim/data/env/data/7_ani/hires21/sketch/GCA_900547855.1.fna.msh...
Sketching /data/huixingqi/sim_meta/HiResim/tools/strain_genome/GCA_018667975.1_ASM1866797v1_genomic.fna...
Writing to /data/huixingqi/sim_meta/HiResim/data/env/data/7_ani/hires21/sketch/GCA_018667975.1.fna.msh...
Sketching /data/huixingqi/sim_meta/HiResim/tools/strain_genome/GCA_905206765.1_ERR1600675-mag-bin.10_genomic.fna...
Writing to /data/huixingqi/sim_meta/HiResim/data/env/data/7_ani/hires21/sketch/GCA_905206765.1.fna.msh...
Sketching /data/huixingqi/sim_meta/HiResim/tools/strain_genome/GCF_009718865.1_ASM971886v1_genomic.fna...
Writing to /data/huixingqi/sim_meta/HiResim/data/env/data/7_ani/hires21/sketch/GCF_009718865.1.fna.msh...
Sketching /data/huixingqi/sim_meta/HiResim/tools/strain_genome/GCA_900552295.1_UMGS1489_genomic.fna...
Writing to /data/huixingqi/sim_meta/HiResim/data/env/data/7_ani/hires21/sketch/GCA_900552295.1.fna.msh...
Sketching /data/huixingqi/sim_meta/HiResim/tools/strain_genome/GCA_018700415.1_ASM1870041v1_genomic.fna...
Writing to /data/huixingqi/sim_meta/HiResim/data/env/data/7_ani/hires21/sketch/GCA_018700415.1.fna.msh...
Sketching /data/huixingqi/sim_meta/HiResim/tools/strain_genome/GCF_003413645.1_ASM341364v1_genomic.fna...
Writing to /data/huixingqi/sim_meta/HiResim/data/env/data/7_ani/hires21/sketch/GCF_003413645.1.fna.msh...
Sketching /data/huixingqi/sim_meta/HiResim/tools/strain_genome/GCA_016778675.1_ASM1677867v1_genomic.fna...
Writing to /data/huixingqi/sim_meta/HiResim/data/env/data/7_ani/hires21/sketch/GCA_016778675.1.fna.msh...
Sketching /data/huixingqi/sim_meta/HiResim/tools/strain_genome/GCA_905182025.1_FRAM18_bin281_genomic.fna...
Writing to /data/huixingqi/sim_meta/HiResim/data/env/data/7_ani/hires21/sketch/GCA_905182025.1.fna.msh...
Sketching /data/huixingqi/sim_meta/HiResim/tools/strain_genome/GCA_905618875.1_RIS-SAG-51_genomic.fna...
Writing to /data/huixingqi/sim_meta/HiResim/data/env/data/7_ani/hires21/sketch/GCA_905618875.1.fna.msh...
Sketching /data/huixingqi/sim_meta/HiResim/tools/strain_genome/GCA_905182765.1_FRAM18_bin143_genomic.fna...
Writing to /data/huixingqi/sim_meta/HiResim/data/env/data/7_ani/hires21/sketch/GCA_905182765.1.fna.msh...
Sketching /data/huixingqi/sim_meta/HiResim/tools/strain_genome/GCA_018649295.1_ASM1864929v1_genomic.fna...
Writing to /data/huixingqi/sim_meta/HiResim/data/env/data/7_ani/hires21/sketch/GCA_018649295.1.fna.msh...
Sketching /data/huixingqi/sim_meta/HiResim/tools/strain_genome/GCA_017880545.1_ASM1788054v1_genomic.fna...
Writing to /data/huixingqi/sim_meta/HiResim/data/env/data/7_ani/hires21/sketch/GCA_017880545.1.fna.msh...
Sketching /data/huixingqi/sim_meta/HiResim/tools/strain_genome/GCA_014381985.1_ASM1438198v1_genomic.fna...
Writing to /data/huixingqi/sim_meta/HiResim/data/env/data/7_ani/hires21/sketch/GCA_014381985.1.fna.msh...
Sketching /data/huixingqi/sim_meta/HiResim/tools/strain_genome/GCA_905181805.1_FRAM18_bin046_genomic.fna...
Writing to /data/huixingqi/sim_meta/HiResim/data/env/data/7_ani/hires21/sketch/GCA_905181805.1.fna.msh...
Sketching /data/huixingqi/sim_meta/HiResim/tools/strain_genome/GCF_000012105.1_ASM1210v1_genomic.fna...
Writing to /data/huixingqi/sim_meta/HiResim/data/env/data/7_ani/hires21/sketch/GCF_000012105.1.fna.msh...
Sketching /data/huixingqi/sim_meta/HiResim/tools/strain_genome/GCA_018608205.1_ASM1860820v1_genomic.fna...
Writing to /data/huixingqi/sim_meta/HiResim/data/env/data/7_ani/hires21/sketch/GCA_018608205.1.fna.msh...
Sketching /data/huixingqi/sim_meta/HiResim/tools/strain_genome/GCA_002389605.1_ASM238960v1_genomic.fna...
Writing to /data/huixingqi/sim_meta/HiResim/data/env/data/7_ani/hires21/sketch/GCA_002389605.1.fna.msh...
Sketching /data/huixingqi/sim_meta/HiResim/tools/strain_genome/GCA_905182285.1_FRAM18_bin021_genomic.fna...
Writing to /data/huixingqi/sim_meta/HiResim/data/env/data/7_ani/hires21/sketch/GCA_905182285.1.fna.msh...
Sketching /data/huixingqi/sim_meta/HiResim/tools/strain_genome/GCA_905182165.1_FRAM18_bin031_genomic.fna...
Writing to /data/huixingqi/sim_meta/HiResim/data/env/data/7_ani/hires21/sketch/GCA_905182165.1.fna.msh...
Sketching /data/huixingqi/sim_meta/HiResim/tools/strain_genome/GCA_900762735.1_SRS147652_56_genomic.fna...
Writing to /data/huixingqi/sim_meta/HiResim/data/env/data/7_ani/hires21/sketch/GCA_900762735.1.fna.msh...
Sketching /data/huixingqi/sim_meta/HiResim/tools/strain_genome/GCA_905182195.1_FRAM18_bin090_genomic.fna...
Writing to /data/huixingqi/sim_meta/HiResim/data/env/data/7_ani/hires21/sketch/GCA_905182195.1.fna.msh...
Sketching /data/huixingqi/sim_meta/HiResim/tools/strain_genome/GCA_900544515.1_UMGS677_genomic.fna...
Writing to /data/huixingqi/sim_meta/HiResim/data/env/data/7_ani/hires21/sketch/GCA_900544515.1.fna.msh...
Sketching /data/huixingqi/sim_meta/HiResim/tools/strain_genome/GCA_002312935.1_ASM231293v1_genomic.fna...
Writing to /data/huixingqi/sim_meta/HiResim/data/env/data/7_ani/hires21/sketch/GCA_002312935.1.fna.msh...
Sketching /data/huixingqi/sim_meta/HiResim/tools/strain_genome/GCA_905182305.1_FRAM18_bin161_genomic.fna...
Writing to /data/huixingqi/sim_meta/HiResim/data/env/data/7_ani/hires21/sketch/GCA_905182305.1.fna.msh...
Sketching /data/huixingqi/sim_meta/HiResim/tools/strain_genome/GCA_905182145.1_FRAM18_bin075_genomic.fna...
Writing to /data/huixingqi/sim_meta/HiResim/data/env/data/7_ani/hires21/sketch/GCA_905182145.1.fna.msh...
Sketching /data/huixingqi/sim_meta/HiResim/tools/strain_genome/GCA_018659705.1_ASM1865970v1_genomic.fna...
Writing to /data/huixingqi/sim_meta/HiResim/data/env/data/7_ani/hires21/sketch/GCA_018659705.1.fna.msh...
Sketching /data/huixingqi/sim_meta/HiResim/tools/strain_genome/GCA_002712625.1_ASM271262v1_genomic.fna...
Writing to /data/huixingqi/sim_meta/HiResim/data/env/data/7_ani/hires21/sketch/GCA_002712625.1.fna.msh...
Sketching /data/huixingqi/sim_meta/HiResim/tools/strain_genome/GCA_002390325.1_ASM239032v1_genomic.fna...
Writing to /data/huixingqi/sim_meta/HiResim/data/env/data/7_ani/hires21/sketch/GCA_002390325.1.fna.msh...
Sketching /data/huixingqi/sim_meta/HiResim/tools/strain_genome/GCA_905478555.1_0.2_20180419_Bin_72_1_genomic.fna...
Writing to /data/huixingqi/sim_meta/HiResim/data/env/data/7_ani/hires21/sketch/GCA_905478555.1.fna.msh...
Sketching /data/huixingqi/sim_meta/HiResim/tools/strain_genome/GCA_905182425.1_FRAM18_bin057_genomic.fna...
Writing to /data/huixingqi/sim_meta/HiResim/data/env/data/7_ani/hires21/sketch/GCA_905182425.1.fna.msh...
Sketching /data/huixingqi/sim_meta/HiResim/tools/strain_genome/GCA_003045835.1_ASM304583v1_genomic.fna...
Writing to /data/huixingqi/sim_meta/HiResim/data/env/data/7_ani/hires21/sketch/GCA_003045835.1.fna.msh...
Sketching /data/huixingqi/sim_meta/HiResim/tools/strain_genome/GCA_017854145.1_ASM1785414v1_genomic.fna...
Writing to /data/huixingqi/sim_meta/HiResim/data/env/data/7_ani/hires21/sketch/GCA_017854145.1.fna.msh...
Sketching /data/huixingqi/sim_meta/HiResim/tools/strain_genome/GCF_014650155.1_ASM1465015v1_genomic.fna...
Writing to /data/huixingqi/sim_meta/HiResim/data/env/data/7_ani/hires21/sketch/GCF_014650155.1.fna.msh...
Sketching /data/huixingqi/sim_meta/HiResim/tools/strain_genome/GCF_000472585.1_ASM47258v1_genomic.fna...
Writing to /data/huixingqi/sim_meta/HiResim/data/env/data/7_ani/hires21/sketch/GCF_000472585.1.fna.msh...
Sketching /data/huixingqi/sim_meta/HiResim/tools/strain_genome/GCA_000169055.1_ASM16905v1_genomic.fna...
Writing to /data/huixingqi/sim_meta/HiResim/data/env/data/7_ani/hires21/sketch/GCA_000169055.1.fna.msh...
Sketching /data/huixingqi/sim_meta/HiResim/tools/strain_genome/GCA_004195315.1_ASM419531v1_genomic.fna...
Writing to /data/huixingqi/sim_meta/HiResim/data/env/data/7_ani/hires21/sketch/GCA_004195315.1.fna.msh...
Sketching /data/huixingqi/sim_meta/HiResim/tools/strain_genome/GCA_001438145.1_ASM143814v1_genomic.fna...
Writing to /data/huixingqi/sim_meta/HiResim/data/env/data/7_ani/hires21/sketch/GCA_001438145.1.fna.msh...
Sketching /data/huixingqi/sim_meta/HiResim/tools/strain_genome/GCA_900551625.1_UMGS1424_genomic.fna...
Writing to /data/huixingqi/sim_meta/HiResim/data/env/data/7_ani/hires21/sketch/GCA_900551625.1.fna.msh...
Sketching /data/huixingqi/sim_meta/HiResim/tools/strain_genome/GCA_002862465.1_ASM286246v1_genomic.fna...
Writing to /data/huixingqi/sim_meta/HiResim/data/env/data/7_ani/hires21/sketch/GCA_002862465.1.fna.msh...
Sketching /data/huixingqi/sim_meta/HiResim/tools/strain_genome/GCA_905181685.1_FRAM18_bin325_genomic.fna...
Writing to /data/huixingqi/sim_meta/HiResim/data/env/data/7_ani/hires21/sketch/GCA_905181685.1.fna.msh...
Sketching /data/huixingqi/sim_meta/HiResim/tools/strain_genome/GCA_905616325.1_RIS-SAG-38_genomic.fna...
Writing to /data/huixingqi/sim_meta/HiResim/data/env/data/7_ani/hires21/sketch/GCA_905616325.1.fna.msh...
Sketching /data/huixingqi/sim_meta/HiResim/tools/strain_genome/GCF_003410095.1_ASM341009v1_genomic.fna...
Writing to /data/huixingqi/sim_meta/HiResim/data/env/data/7_ani/hires21/sketch/GCF_003410095.1.fna.msh...
Sketching /data/huixingqi/sim_meta/HiResim/tools/strain_genome/GCA_905182855.1_FRAM18_bin237_genomic.fna...
Writing to /data/huixingqi/sim_meta/HiResim/data/env/data/7_ani/hires21/sketch/GCA_905182855.1.fna.msh...
Sketching /data/huixingqi/sim_meta/HiResim/tools/strain_genome/GCF_007995085.1_ASM799508v1_genomic.fna...
Writing to /data/huixingqi/sim_meta/HiResim/data/env/data/7_ani/hires21/sketch/GCF_007995085.1.fna.msh...
Sketching /data/huixingqi/sim_meta/HiResim/tools/strain_genome/GCA_905480615.1_3_20180529_Bin_METABAT_94_1_genomic.fna...
Writing to /data/huixingqi/sim_meta/HiResim/data/env/data/7_ani/hires21/sketch/GCA_905480615.1.fna.msh...
Sketching /data/huixingqi/sim_meta/HiResim/tools/strain_genome/GCA_905616605.1_RIS-SAG-46_genomic.fna...
Writing to /data/huixingqi/sim_meta/HiResim/data/env/data/7_ani/hires21/sketch/GCA_905616605.1.fna.msh...
Sketching /data/huixingqi/sim_meta/HiResim/tools/strain_genome/GCF_001636695.1_ASM163669v1_genomic.fna...
Writing to /data/huixingqi/sim_meta/HiResim/data/env/data/7_ani/hires21/sketch/GCF_001636695.1.fna.msh...
Sketching /data/huixingqi/sim_meta/HiResim/tools/strain_genome/GCA_900756015.1_ERS473306_16_genomic.fna...
Writing to /data/huixingqi/sim_meta/HiResim/data/env/data/7_ani/hires21/sketch/GCA_900756015.1.fna.msh...
Sketching /data/huixingqi/sim_meta/HiResim/tools/strain_genome/GCA_905612285.1_RIS-SAG-03_genomic.fna...
Writing to /data/huixingqi/sim_meta/HiResim/data/env/data/7_ani/hires21/sketch/GCA_905612285.1.fna.msh...
Sketching /data/huixingqi/sim_meta/HiResim/tools/strain_genome/GCA_017857665.1_ASM1785766v1_genomic.fna...
Writing to /data/huixingqi/sim_meta/HiResim/data/env/data/7_ani/hires21/sketch/GCA_017857665.1.fna.msh...
Sketching /data/huixingqi/sim_meta/HiResim/tools/strain_genome/GCA_018646645.1_ASM1864664v1_genomic.fna...
Writing to /data/huixingqi/sim_meta/HiResim/data/env/data/7_ani/hires21/sketch/GCA_018646645.1.fna.msh...
Sketching /data/huixingqi/sim_meta/HiResim/tools/strain_genome/GCF_012952265.1_ASM1295226v1_genomic.fna...
Writing to /data/huixingqi/sim_meta/HiResim/data/env/data/7_ani/hires21/sketch/GCF_012952265.1.fna.msh...
Sketching /data/huixingqi/sim_meta/HiResim/tools/strain_genome/GCA_002862985.1_ASM286298v1_genomic.fna...
Writing to /data/huixingqi/sim_meta/HiResim/data/env/data/7_ani/hires21/sketch/GCA_002862985.1.fna.msh...
Sketching /data/huixingqi/sim_meta/HiResim/tools/strain_genome/GCA_018663025.1_ASM1866302v1_genomic.fna...
Writing to /data/huixingqi/sim_meta/HiResim/data/env/data/7_ani/hires21/sketch/GCA_018663025.1.fna.msh...
Sketching /data/huixingqi/sim_meta/HiResim/tools/strain_genome/GCA_002470385.1_ASM247038v1_genomic.fna...
Writing to /data/huixingqi/sim_meta/HiResim/data/env/data/7_ani/hires21/sketch/GCA_002470385.1.fna.msh...
Sketching /data/huixingqi/sim_meta/HiResim/tools/strain_genome/GCA_000715635.1_ASM71563v1_genomic.fna...
Writing to /data/huixingqi/sim_meta/HiResim/data/env/data/7_ani/hires21/sketch/GCA_000715635.1.fna.msh...
Sketching /data/huixingqi/sim_meta/HiResim/tools/strain_genome/GCA_008638205.1_ASM863820v1_genomic.fna...
Writing to /data/huixingqi/sim_meta/HiResim/data/env/data/7_ani/hires21/sketch/GCA_008638205.1.fna.msh...
Sketching /data/huixingqi/sim_meta/HiResim/tools/strain_genome/GCA_905181625.1_FRAM18_bin141_genomic.fna...
Writing to /data/huixingqi/sim_meta/HiResim/data/env/data/7_ani/hires21/sketch/GCA_905181625.1.fna.msh...
Sketching /data/huixingqi/sim_meta/HiResim/tools/strain_genome/GCA_018667205.1_ASM1866720v1_genomic.fna...
Writing to /data/huixingqi/sim_meta/HiResim/data/env/data/7_ani/hires21/sketch/GCA_018667205.1.fna.msh...
Sketching /data/huixingqi/sim_meta/HiResim/tools/strain_genome/GCA_905182095.1_FRAM18_bin320_genomic.fna...
Writing to /data/huixingqi/sim_meta/HiResim/data/env/data/7_ani/hires21/sketch/GCA_905182095.1.fna.msh...
Sketching /data/huixingqi/sim_meta/HiResim/tools/strain_genome/GCA_015665385.1_ASM1566538v1_genomic.fna...
Writing to /data/huixingqi/sim_meta/HiResim/data/env/data/7_ani/hires21/sketch/GCA_015665385.1.fna.msh...
Sketching /data/huixingqi/sim_meta/HiResim/tools/strain_genome/GCA_003452055.1_ASM345205v1_genomic.fna...
Writing to /data/huixingqi/sim_meta/HiResim/data/env/data/7_ani/hires21/sketch/GCA_003452055.1.fna.msh...
Sketching /data/huixingqi/sim_meta/HiResim/tools/strain_genome/GCA_015665355.1_ASM1566535v1_genomic.fna...
Writing to /data/huixingqi/sim_meta/HiResim/data/env/data/7_ani/hires21/sketch/GCA_015665355.1.fna.msh...
Sketching /data/huixingqi/sim_meta/HiResim/tools/strain_genome/GCA_905181665.1_FRAM18_bin117_genomic.fna...
Writing to /data/huixingqi/sim_meta/HiResim/data/env/data/7_ani/hires21/sketch/GCA_905181665.1.fna.msh...
Sketching /data/huixingqi/sim_meta/HiResim/tools/strain_genome/GCA_018608125.1_ASM1860812v1_genomic.fna...
Writing to /data/huixingqi/sim_meta/HiResim/data/env/data/7_ani/hires21/sketch/GCA_018608125.1.fna.msh...
Sketching /data/huixingqi/sim_meta/HiResim/tools/strain_genome/GCA_002382385.1_ASM238238v1_genomic.fna...
Writing to /data/huixingqi/sim_meta/HiResim/data/env/data/7_ani/hires21/sketch/GCA_002382385.1.fna.msh...
Sketching /data/huixingqi/sim_meta/HiResim/tools/strain_genome/GCA_002365735.1_ASM236573v1_genomic.fna...
Writing to /data/huixingqi/sim_meta/HiResim/data/env/data/7_ani/hires21/sketch/GCA_002365735.1.fna.msh...
Sketching /data/huixingqi/sim_meta/HiResim/tools/strain_genome/GCA_018675855.1_ASM1867585v1_genomic.fna...
Writing to /data/huixingqi/sim_meta/HiResim/data/env/data/7_ani/hires21/sketch/GCA_018675855.1.fna.msh...
Sketching /data/huixingqi/sim_meta/HiResim/tools/strain_genome/GCA_017880295.1_ASM1788029v1_genomic.fna...
Writing to /data/huixingqi/sim_meta/HiResim/data/env/data/7_ani/hires21/sketch/GCA_017880295.1.fna.msh...
Sketching /data/huixingqi/sim_meta/HiResim/tools/strain_genome/GCA_018607645.1_ASM1860764v1_genomic.fna...
Writing to /data/huixingqi/sim_meta/HiResim/data/env/data/7_ani/hires21/sketch/GCA_018607645.1.fna.msh...
Sketching /data/huixingqi/sim_meta/HiResim/tools/strain_genome/GCA_905478455.1_0.2_20180417_Bin_MAXBIN_156_sub_1_genomic.fna...
Writing to /data/huixingqi/sim_meta/HiResim/data/env/data/7_ani/hires21/sketch/GCA_905478455.1.fna.msh...
Sketching /data/huixingqi/sim_meta/HiResim/tools/strain_genome/GCA_002384705.1_ASM238470v1_genomic.fna...
Writing to /data/huixingqi/sim_meta/HiResim/data/env/data/7_ani/hires21/sketch/GCA_002384705.1.fna.msh...
Sketching /data/huixingqi/sim_meta/HiResim/tools/strain_genome/GCA_900553335.1_UMGS1601_genomic.fna...
Writing to /data/huixingqi/sim_meta/HiResim/data/env/data/7_ani/hires21/sketch/GCA_900553335.1.fna.msh...
Sketching /data/huixingqi/sim_meta/HiResim/tools/strain_genome/GCA_905612365.1_RIS-SAG-13_genomic.fna...
Writing to /data/huixingqi/sim_meta/HiResim/data/env/data/7_ani/hires21/sketch/GCA_905612365.1.fna.msh...
Sketching /data/huixingqi/sim_meta/HiResim/tools/strain_genome/GCF_012276695.1_ASM1227669v1_genomic.fna...
Writing to /data/huixingqi/sim_meta/HiResim/data/env/data/7_ani/hires21/sketch/GCF_012276695.1.fna.msh...
Sketching /data/huixingqi/sim_meta/HiResim/tools/strain_genome/GCA_900541825.1_UMGS395_genomic.fna...
Writing to /data/huixingqi/sim_meta/HiResim/data/env/data/7_ani/hires21/sketch/GCA_900541825.1.fna.msh...
Sketching /data/huixingqi/sim_meta/HiResim/tools/strain_genome/GCA_018703395.1_ASM1870339v1_genomic.fna...
Writing to /data/huixingqi/sim_meta/HiResim/data/env/data/7_ani/hires21/sketch/GCA_018703395.1.fna.msh...
Sketching /data/huixingqi/sim_meta/HiResim/tools/strain_genome/GCA_905182395.1_FRAM18_bin016_genomic.fna...
Writing to /data/huixingqi/sim_meta/HiResim/data/env/data/7_ani/hires21/sketch/GCA_905182395.1.fna.msh...
Sketching /data/huixingqi/sim_meta/HiResim/tools/strain_genome/GCA_018701635.1_ASM1870163v1_genomic.fna...
Writing to /data/huixingqi/sim_meta/HiResim/data/env/data/7_ani/hires21/sketch/GCA_018701635.1.fna.msh...
Sketching /data/huixingqi/sim_meta/HiResim/tools/strain_genome/GCF_000012345.1_ASM1234v1_genomic.fna...
Writing to /data/huixingqi/sim_meta/HiResim/data/env/data/7_ani/hires21/sketch/GCF_000012345.1.fna.msh...
Sketching /data/huixingqi/sim_meta/HiResim/tools/strain_genome/GCA_013205305.1_ASM1320530v1_genomic.fna...
Writing to /data/huixingqi/sim_meta/HiResim/data/env/data/7_ani/hires21/sketch/GCA_013205305.1.fna.msh...
Sketching /data/huixingqi/sim_meta/HiResim/tools/strain_genome/GCA_905478935.1_0.2_20180515_Bin_57_1_genomic.fna...
Writing to /data/huixingqi/sim_meta/HiResim/data/env/data/7_ani/hires21/sketch/GCA_905478935.1.fna.msh...
Sketching /data/huixingqi/sim_meta/HiResim/tools/strain_genome/GCA_905182595.1_FRAM18_bin163_genomic.fna...
Writing to /data/huixingqi/sim_meta/HiResim/data/env/data/7_ani/hires21/sketch/GCA_905182595.1.fna.msh...
Sketching /data/huixingqi/sim_meta/HiResim/tools/strain_genome/GCA_905182885.1_FRAM18_bin313_genomic.fna...
Writing to /data/huixingqi/sim_meta/HiResim/data/env/data/7_ani/hires21/sketch/GCA_905182885.1.fna.msh...
Sketching /data/huixingqi/sim_meta/HiResim/tools/strain_genome/GCA_905182265.1_FRAM18_bin231_genomic.fna...
Writing to /data/huixingqi/sim_meta/HiResim/data/env/data/7_ani/hires21/sketch/GCA_905182265.1.fna.msh...
Sketching /data/huixingqi/sim_meta/HiResim/tools/strain_genome/GCA_905181935.1_FRAM18_bin019_genomic.fna...
Writing to /data/huixingqi/sim_meta/HiResim/data/env/data/7_ani/hires21/sketch/GCA_905181935.1.fna.msh...
Sketching /data/huixingqi/sim_meta/HiResim/tools/strain_genome/GCA_900764415.1_SRS1735512_2_genomic.fna...
Writing to /data/huixingqi/sim_meta/HiResim/data/env/data/7_ani/hires21/sketch/GCA_900764415.1.fna.msh...
Sketching /data/huixingqi/sim_meta/HiResim/tools/strain_genome/GCA_900545735.1_UMGS808_genomic.fna...
Writing to /data/huixingqi/sim_meta/HiResim/data/env/data/7_ani/hires21/sketch/GCA_900545735.1.fna.msh...
Sketching /data/huixingqi/sim_meta/HiResim/tools/strain_genome/GCF_014649675.1_ASM1464967v1_genomic.fna...
Writing to /data/huixingqi/sim_meta/HiResim/data/env/data/7_ani/hires21/sketch/GCF_014649675.1.fna.msh...
Sketching /data/huixingqi/sim_meta/HiResim/tools/strain_genome/GCA_002734005.2_ASM273400v2_genomic.fna...
Writing to /data/huixingqi/sim_meta/HiResim/data/env/data/7_ani/hires21/sketch/GCA_002734005.2.fna.msh...
Sketching /data/huixingqi/sim_meta/HiResim/tools/strain_genome/GCA_900540005.1_UMGS200_genomic.fna...
Writing to /data/huixingqi/sim_meta/HiResim/data/env/data/7_ani/hires21/sketch/GCA_900540005.1.fna.msh...
Sketching /data/huixingqi/sim_meta/HiResim/tools/strain_genome/GCA_002469535.1_ASM246953v1_genomic.fna...
Writing to /data/huixingqi/sim_meta/HiResim/data/env/data/7_ani/hires21/sketch/GCA_002469535.1.fna.msh...
Sketching /data/huixingqi/sim_meta/HiResim/tools/strain_genome/GCA_002849045.2_ASM284904v2_genomic.fna...
Writing to /data/huixingqi/sim_meta/HiResim/data/env/data/7_ani/hires21/sketch/GCA_002849045.2.fna.msh...
Sketching /data/huixingqi/sim_meta/HiResim/tools/strain_genome/GCF_013002825.1_ASM1300282v1_genomic.fna...
Writing to /data/huixingqi/sim_meta/HiResim/data/env/data/7_ani/hires21/sketch/GCF_013002825.1.fna.msh...
Sketching /data/huixingqi/sim_meta/HiResim/tools/strain_genome/GCA_002389525.1_ASM238952v1_genomic.fna...
Writing to /data/huixingqi/sim_meta/HiResim/data/env/data/7_ani/hires21/sketch/GCA_002389525.1.fna.msh...
Sketching /data/huixingqi/sim_meta/HiResim/tools/strain_genome/GCA_905193815.1_ERR414401-mag-bin.31_genomic.fna...
Writing to /data/huixingqi/sim_meta/HiResim/data/env/data/7_ani/hires21/sketch/GCA_905193815.1.fna.msh...
Sketching /data/huixingqi/sim_meta/HiResim/tools/strain_genome/GCF_000519245.1_ASM51924v1_genomic.fna...
Writing to /data/huixingqi/sim_meta/HiResim/data/env/data/7_ani/hires21/sketch/GCF_000519245.1.fna.msh...
Sketching /data/huixingqi/sim_meta/HiResim/tools/strain_genome/GCA_018697475.1_ASM1869747v1_genomic.fna...
Writing to /data/huixingqi/sim_meta/HiResim/data/env/data/7_ani/hires21/sketch/GCA_018697475.1.fna.msh...
Sketching /data/huixingqi/sim_meta/HiResim/tools/strain_genome/GCA_905182675.1_FRAM18_bin126_genomic.fna...
Writing to /data/huixingqi/sim_meta/HiResim/data/env/data/7_ani/hires21/sketch/GCA_905182675.1.fna.msh...
Sketching /data/huixingqi/sim_meta/HiResim/tools/strain_genome/GCF_002776835.1_ASM277683v1_genomic.fna...
Writing to /data/huixingqi/sim_meta/HiResim/data/env/data/7_ani/hires21/sketch/GCF_002776835.1.fna.msh...
Sketching /data/huixingqi/sim_meta/HiResim/tools/strain_genome/GCA_002335875.1_ASM233587v1_genomic.fna...
Writing to /data/huixingqi/sim_meta/HiResim/data/env/data/7_ani/hires21/sketch/GCA_002335875.1.fna.msh...
Sketching /data/huixingqi/sim_meta/HiResim/tools/strain_genome/GCA_900549495.1_UMGS1193_genomic.fna...
Writing to /data/huixingqi/sim_meta/HiResim/data/env/data/7_ani/hires21/sketch/GCA_900549495.1.fna.msh...
Sketching /data/huixingqi/sim_meta/HiResim/tools/strain_genome/GCF_000238335.3_ASM23833v4_genomic.fna...
Writing to /data/huixingqi/sim_meta/HiResim/data/env/data/7_ani/hires21/sketch/GCF_000238335.3.fna.msh...
Sketching /data/huixingqi/sim_meta/HiResim/tools/strain_genome/GCA_905478445.1_0.2_20180417_Bin_132_1_genomic.fna...
Writing to /data/huixingqi/sim_meta/HiResim/data/env/data/7_ani/hires21/sketch/GCA_905478445.1.fna.msh...
Sketching /data/huixingqi/sim_meta/HiResim/tools/strain_genome/GCA_900551585.1_UMGS1426_genomic.fna...
Writing to /data/huixingqi/sim_meta/HiResim/data/env/data/7_ani/hires21/sketch/GCA_900551585.1.fna.msh...
Sketching /data/huixingqi/sim_meta/HiResim/tools/strain_genome/GCA_018656945.1_ASM1865694v1_genomic.fna...
Writing to /data/huixingqi/sim_meta/HiResim/data/env/data/7_ani/hires21/sketch/GCA_018656945.1.fna.msh...
Sketching /data/huixingqi/sim_meta/HiResim/tools/strain_genome/GCA_002387685.1_ASM238768v1_genomic.fna...
Writing to /data/huixingqi/sim_meta/HiResim/data/env/data/7_ani/hires21/sketch/GCA_002387685.1.fna.msh...
Sketching /data/huixingqi/sim_meta/HiResim/tools/strain_genome/GCA_018609105.1_ASM1860910v1_genomic.fna...
Writing to /data/huixingqi/sim_meta/HiResim/data/env/data/7_ani/hires21/sketch/GCA_018609105.1.fna.msh...
Sketching /data/huixingqi/sim_meta/HiResim/tools/strain_genome/GCF_001636615.1_ASM163661v1_genomic.fna...
Writing to /data/huixingqi/sim_meta/HiResim/data/env/data/7_ani/hires21/sketch/GCF_001636615.1.fna.msh...
Sketching /data/huixingqi/sim_meta/HiResim/tools/strain_genome/GCA_017857055.1_ASM1785705v1_genomic.fna...
Writing to /data/huixingqi/sim_meta/HiResim/data/env/data/7_ani/hires21/sketch/GCA_017857055.1.fna.msh...
Sketching /data/huixingqi/sim_meta/HiResim/tools/strain_genome/GCA_018692435.1_ASM1869243v1_genomic.fna...
Writing to /data/huixingqi/sim_meta/HiResim/data/env/data/7_ani/hires21/sketch/GCA_018692435.1.fna.msh...
Sketching /data/huixingqi/sim_meta/HiResim/tools/strain_genome/GCF_015560135.1_ASM1556013v1_genomic.fna...
Writing to /data/huixingqi/sim_meta/HiResim/data/env/data/7_ani/hires21/sketch/GCF_015560135.1.fna.msh...
Sketching /data/huixingqi/sim_meta/HiResim/tools/strain_genome/GCA_018676735.1_ASM1867673v1_genomic.fna...
Writing to /data/huixingqi/sim_meta/HiResim/data/env/data/7_ani/hires21/sketch/GCA_018676735.1.fna.msh...
Sketching /data/huixingqi/sim_meta/HiResim/tools/strain_genome/GCA_000715685.1_ASM71568v1_genomic.fna...
Writing to /data/huixingqi/sim_meta/HiResim/data/env/data/7_ani/hires21/sketch/GCA_000715685.1.fna.msh...
Sketching /data/huixingqi/sim_meta/HiResim/tools/strain_genome/GCA_900555705.1_UMGS1858_genomic.fna...
Writing to /data/huixingqi/sim_meta/HiResim/data/env/data/7_ani/hires21/sketch/GCA_900555705.1.fna.msh...
Sketching /data/huixingqi/sim_meta/HiResim/tools/strain_genome/GCF_000834675.1_ASM83467v1_genomic.fna...
Writing to /data/huixingqi/sim_meta/HiResim/data/env/data/7_ani/hires21/sketch/GCF_000834675.1.fna.msh...
Sketching /data/huixingqi/sim_meta/HiResim/tools/strain_genome/GCF_005930865.1_ASM593086v1_genomic.fna...
Writing to /data/huixingqi/sim_meta/HiResim/data/env/data/7_ani/hires21/sketch/GCF_005930865.1.fna.msh...
Sketching /data/huixingqi/sim_meta/HiResim/tools/strain_genome/GCF_001653135.1_ASM165313v1_genomic.fna...
Writing to /data/huixingqi/sim_meta/HiResim/data/env/data/7_ani/hires21/sketch/GCF_001653135.1.fna.msh...
Sketching /data/huixingqi/sim_meta/HiResim/tools/strain_genome/GCA_000717735.1_ASM71773v1_genomic.fna...
Writing to /data/huixingqi/sim_meta/HiResim/data/env/data/7_ani/hires21/sketch/GCA_000717735.1.fna.msh...
Sketching /data/huixingqi/sim_meta/HiResim/tools/strain_genome/GCA_900547505.1_UMGS989_genomic.fna...
Writing to /data/huixingqi/sim_meta/HiResim/data/env/data/7_ani/hires21/sketch/GCA_900547505.1.fna.msh...
Sketching /data/huixingqi/sim_meta/HiResim/tools/strain_genome/GCA_018703315.1_ASM1870331v1_genomic.fna...
Writing to /data/huixingqi/sim_meta/HiResim/data/env/data/7_ani/hires21/sketch/GCA_018703315.1.fna.msh...
Sketching /data/huixingqi/sim_meta/HiResim/tools/strain_genome/GCA_009838965.1_ASM983896v1_genomic.fna...
Writing to /data/huixingqi/sim_meta/HiResim/data/env/data/7_ani/hires21/sketch/GCA_009838965.1.fna.msh...
Sketching /data/huixingqi/sim_meta/HiResim/tools/strain_genome/GCA_018676005.1_ASM1867600v1_genomic.fna...
Writing to /data/huixingqi/sim_meta/HiResim/data/env/data/7_ani/hires21/sketch/GCA_018676005.1.fna.msh...
Sketching /data/huixingqi/sim_meta/HiResim/tools/strain_genome/GCF_000007145.1_ASM714v1_genomic.fna...
Writing to /data/huixingqi/sim_meta/HiResim/data/env/data/7_ani/hires21/sketch/GCF_000007145.1.fna.msh...
Sketching /data/huixingqi/sim_meta/HiResim/tools/strain_genome/GCA_017880485.1_ASM1788048v1_genomic.fna...
Writing to /data/huixingqi/sim_meta/HiResim/data/env/data/7_ani/hires21/sketch/GCA_017880485.1.fna.msh...
Sketching /data/huixingqi/sim_meta/HiResim/tools/strain_genome/GCA_018608215.1_ASM1860821v1_genomic.fna...
Writing to /data/huixingqi/sim_meta/HiResim/data/env/data/7_ani/hires21/sketch/GCA_018608215.1.fna.msh...
Sketching /data/huixingqi/sim_meta/HiResim/tools/strain_genome/GCA_018699565.1_ASM1869956v1_genomic.fna...
Writing to /data/huixingqi/sim_meta/HiResim/data/env/data/7_ani/hires21/sketch/GCA_018699565.1.fna.msh...
Sketching /data/huixingqi/sim_meta/HiResim/tools/strain_genome/GCA_018703145.1_ASM1870314v1_genomic.fna...
Writing to /data/huixingqi/sim_meta/HiResim/data/env/data/7_ani/hires21/sketch/GCA_018703145.1.fna.msh...
Sketching /data/huixingqi/sim_meta/HiResim/tools/strain_genome/GCA_905480425.1_3_20180417_Bin_METABAT_48_1_genomic.fna...
Writing to /data/huixingqi/sim_meta/HiResim/data/env/data/7_ani/hires21/sketch/GCA_905480425.1.fna.msh...
Sketching /data/huixingqi/sim_meta/HiResim/tools/strain_genome/GCA_018699855.1_ASM1869985v1_genomic.fna...
Writing to /data/huixingqi/sim_meta/HiResim/data/env/data/7_ani/hires21/sketch/GCA_018699855.1.fna.msh...
Sketching /data/huixingqi/sim_meta/HiResim/tools/strain_genome/GCA_018674855.1_ASM1867485v1_genomic.fna...
Writing to /data/huixingqi/sim_meta/HiResim/data/env/data/7_ani/hires21/sketch/GCA_018674855.1.fna.msh...
Sketching /data/huixingqi/sim_meta/HiResim/tools/strain_genome/GCA_905182375.1_FRAM18_bin121_genomic.fna...
Writing to /data/huixingqi/sim_meta/HiResim/data/env/data/7_ani/hires21/sketch/GCA_905182375.1.fna.msh...
Sketching /data/huixingqi/sim_meta/HiResim/tools/strain_genome/GCA_018655145.1_ASM1865514v1_genomic.fna...
Writing to /data/huixingqi/sim_meta/HiResim/data/env/data/7_ani/hires21/sketch/GCA_018655145.1.fna.msh...
Sketching /data/huixingqi/sim_meta/HiResim/tools/strain_genome/GCA_900555915.1_UMGS1881_genomic.fna...
Writing to /data/huixingqi/sim_meta/HiResim/data/env/data/7_ani/hires21/sketch/GCA_900555915.1.fna.msh...
Sketching /data/huixingqi/sim_meta/HiResim/tools/strain_genome/GCA_018649165.1_ASM1864916v1_genomic.fna...
Writing to /data/huixingqi/sim_meta/HiResim/data/env/data/7_ani/hires21/sketch/GCA_018649165.1.fna.msh...
Sketching /data/huixingqi/sim_meta/HiResim/tools/strain_genome/GCA_018608625.1_ASM1860862v1_genomic.fna...
Writing to /data/huixingqi/sim_meta/HiResim/data/env/data/7_ani/hires21/sketch/GCA_018608625.1.fna.msh...
Sketching /data/huixingqi/sim_meta/HiResim/tools/strain_genome/GCA_018656255.1_ASM1865625v1_genomic.fna...
Writing to /data/huixingqi/sim_meta/HiResim/data/env/data/7_ani/hires21/sketch/GCA_018656255.1.fna.msh...
Sketching /data/huixingqi/sim_meta/HiResim/tools/strain_genome/GCA_900543345.1_UMGS561_genomic.fna...
Writing to /data/huixingqi/sim_meta/HiResim/data/env/data/7_ani/hires21/sketch/GCA_900543345.1.fna.msh...
Sketching /data/huixingqi/sim_meta/HiResim/tools/strain_genome/GCA_002336405.1_ASM233640v1_genomic.fna...
Writing to /data/huixingqi/sim_meta/HiResim/data/env/data/7_ani/hires21/sketch/GCA_002336405.1.fna.msh...
Sketching /data/huixingqi/sim_meta/HiResim/tools/strain_genome/GCA_905182035.1_FRAM18_bin316_genomic.fna...
Writing to /data/huixingqi/sim_meta/HiResim/data/env/data/7_ani/hires21/sketch/GCA_905182035.1.fna.msh...
Sketching /data/huixingqi/sim_meta/HiResim/tools/strain_genome/GCA_008638105.1_ASM863810v1_genomic.fna...
Writing to /data/huixingqi/sim_meta/HiResim/data/env/data/7_ani/hires21/sketch/GCA_008638105.1.fna.msh...
Sketching /data/huixingqi/sim_meta/HiResim/tools/strain_genome/GCA_905181765.1_FRAM18_bin168_genomic.fna...
Writing to /data/huixingqi/sim_meta/HiResim/data/env/data/7_ani/hires21/sketch/GCA_905181765.1.fna.msh...
Sketching /data/huixingqi/sim_meta/HiResim/tools/strain_genome/GCF_016899755.1_ASM1689975v1_genomic.fna...
Writing to /data/huixingqi/sim_meta/HiResim/data/env/data/7_ani/hires21/sketch/GCF_016899755.1.fna.msh...
Sketching /data/huixingqi/sim_meta/HiResim/tools/strain_genome/GCA_900549195.1_UMGS1166_genomic.fna...
Writing to /data/huixingqi/sim_meta/HiResim/data/env/data/7_ani/hires21/sketch/GCA_900549195.1.fna.msh...
Sketching /data/huixingqi/sim_meta/HiResim/tools/strain_genome/GCA_002335115.1_ASM233511v1_genomic.fna...
Writing to /data/huixingqi/sim_meta/HiResim/data/env/data/7_ani/hires21/sketch/GCA_002335115.1.fna.msh...
Sketching /data/huixingqi/sim_meta/HiResim/tools/strain_genome/GCF_000716875.1_ASM71687v1_genomic.fna...
Writing to /data/huixingqi/sim_meta/HiResim/data/env/data/7_ani/hires21/sketch/GCF_000716875.1.fna.msh...
Sketching /data/huixingqi/sim_meta/HiResim/tools/strain_genome/GCA_017854335.1_ASM1785433v1_genomic.fna...
Writing to /data/huixingqi/sim_meta/HiResim/data/env/data/7_ani/hires21/sketch/GCA_017854335.1.fna.msh...
Sketching /data/huixingqi/sim_meta/HiResim/tools/strain_genome/GCA_905181615.1_FRAM18_bin181_genomic.fna...
Writing to /data/huixingqi/sim_meta/HiResim/data/env/data/7_ani/hires21/sketch/GCA_905181615.1.fna.msh...
Sketching /data/huixingqi/sim_meta/HiResim/tools/strain_genome/GCA_018608815.1_ASM1860881v1_genomic.fna...
Writing to /data/huixingqi/sim_meta/HiResim/data/env/data/7_ani/hires21/sketch/GCA_018608815.1.fna.msh...
Sketching /data/huixingqi/sim_meta/HiResim/tools/strain_genome/GCA_905612255.1_RIS-SAG-01_genomic.fna...
Writing to /data/huixingqi/sim_meta/HiResim/data/env/data/7_ani/hires21/sketch/GCA_905612255.1.fna.msh...
Sketching /data/huixingqi/sim_meta/HiResim/tools/strain_genome/GCA_002390615.1_ASM239061v1_genomic.fna...
Writing to /data/huixingqi/sim_meta/HiResim/data/env/data/7_ani/hires21/sketch/GCA_002390615.1.fna.msh...
Sketching /data/huixingqi/sim_meta/HiResim/tools/strain_genome/GCA_009845705.1_ASM984570v1_genomic.fna...
Writing to /data/huixingqi/sim_meta/HiResim/data/env/data/7_ani/hires21/sketch/GCA_009845705.1.fna.msh...
Sketching /data/huixingqi/sim_meta/HiResim/tools/strain_genome/GCA_905612495.1_RIS-SAG-26_genomic.fna...
Writing to /data/huixingqi/sim_meta/HiResim/data/env/data/7_ani/hires21/sketch/GCA_905612495.1.fna.msh...
Sketching /data/huixingqi/sim_meta/HiResim/tools/strain_genome/GCA_905182835.1_FRAM18_bin211_genomic.fna...
Writing to /data/huixingqi/sim_meta/HiResim/data/env/data/7_ani/hires21/sketch/GCA_905182835.1.fna.msh...
Sketching /data/huixingqi/sim_meta/HiResim/tools/strain_genome/GCA_900548315.1_UMGS1067_genomic.fna...
Writing to /data/huixingqi/sim_meta/HiResim/data/env/data/7_ani/hires21/sketch/GCA_900548315.1.fna.msh...
Sketching /data/huixingqi/sim_meta/HiResim/tools/strain_genome/GCA_018608185.1_ASM1860818v1_genomic.fna...
Writing to /data/huixingqi/sim_meta/HiResim/data/env/data/7_ani/hires21/sketch/GCA_018608185.1.fna.msh...
Sketching /data/huixingqi/sim_meta/HiResim/tools/strain_genome/GCA_900752255.1_ERS235582_42_genomic.fna...
Writing to /data/huixingqi/sim_meta/HiResim/data/env/data/7_ani/hires21/sketch/GCA_900752255.1.fna.msh...
Sketching /data/huixingqi/sim_meta/HiResim/tools/strain_genome/GCA_003510985.1_ASM351098v1_genomic.fna...
Writing to /data/huixingqi/sim_meta/HiResim/data/env/data/7_ani/hires21/sketch/GCA_003510985.1.fna.msh...
Sketching /data/huixingqi/sim_meta/HiResim/tools/strain_genome/GCA_002632075.1_ASM263207v1_genomic.fna...
Writing to /data/huixingqi/sim_meta/HiResim/data/env/data/7_ani/hires21/sketch/GCA_002632075.1.fna.msh...
Sketching /data/huixingqi/sim_meta/HiResim/tools/strain_genome/GCF_900499005.1_PRJEB27979_genomic.fna...
Writing to /data/huixingqi/sim_meta/HiResim/data/env/data/7_ani/hires21/sketch/GCF_900499005.1.fna.msh...
Sketching /data/huixingqi/sim_meta/HiResim/tools/strain_genome/GCF_000384455.1_ASM38445v1_genomic.fna...
Writing to /data/huixingqi/sim_meta/HiResim/data/env/data/7_ani/hires21/sketch/GCF_000384455.1.fna.msh...
Sketching /data/huixingqi/sim_meta/HiResim/tools/strain_genome/GCA_003153495.1_20120700_P3D_genomic.fna...
Writing to /data/huixingqi/sim_meta/HiResim/data/env/data/7_ani/hires21/sketch/GCA_003153495.1.fna.msh...
Sketching /data/huixingqi/sim_meta/HiResim/tools/strain_genome/GCA_900546895.1_UMGS926_genomic.fna...
Writing to /data/huixingqi/sim_meta/HiResim/data/env/data/7_ani/hires21/sketch/GCA_900546895.1.fna.msh...
Sketching /data/huixingqi/sim_meta/HiResim/tools/strain_genome/GCF_000970465.2_ASM97046v2_genomic.fna...
Writing to /data/huixingqi/sim_meta/HiResim/data/env/data/7_ani/hires21/sketch/GCF_000970465.2.fna.msh...
Sketching /data/huixingqi/sim_meta/HiResim/tools/strain_genome/GCA_905612335.1_RIS-SAG-15_genomic.fna...
Writing to /data/huixingqi/sim_meta/HiResim/data/env/data/7_ani/hires21/sketch/GCA_905612335.1.fna.msh...
Sketching /data/huixingqi/sim_meta/HiResim/tools/strain_genome/GCA_002340935.1_ASM234093v1_genomic.fna...
Writing to /data/huixingqi/sim_meta/HiResim/data/env/data/7_ani/hires21/sketch/GCA_002340935.1.fna.msh...
Sketching /data/huixingqi/sim_meta/HiResim/tools/strain_genome/GCA_017857575.1_ASM1785757v1_genomic.fna...
Writing to /data/huixingqi/sim_meta/HiResim/data/env/data/7_ani/hires21/sketch/GCA_017857575.1.fna.msh...
Sketching /data/huixingqi/sim_meta/HiResim/tools/strain_genome/GCA_018662745.1_ASM1866274v1_genomic.fna...
Writing to /data/huixingqi/sim_meta/HiResim/data/env/data/7_ani/hires21/sketch/GCA_018662745.1.fna.msh...
Sketching /data/huixingqi/sim_meta/HiResim/tools/strain_genome/GCA_000715855.1_ASM71585v1_genomic.fna...
Writing to /data/huixingqi/sim_meta/HiResim/data/env/data/7_ani/hires21/sketch/GCA_000715855.1.fna.msh...
Sketching /data/huixingqi/sim_meta/HiResim/tools/strain_genome/GCF_003352955.1_ASM335295v1_genomic.fna...
Writing to /data/huixingqi/sim_meta/HiResim/data/env/data/7_ani/hires21/sketch/GCF_003352955.1.fna.msh...
Sketching /data/huixingqi/sim_meta/HiResim/tools/strain_genome/GCA_018652285.1_ASM1865228v1_genomic.fna...
Writing to /data/huixingqi/sim_meta/HiResim/data/env/data/7_ani/hires21/sketch/GCA_018652285.1.fna.msh...
Sketching /data/huixingqi/sim_meta/HiResim/tools/strain_genome/GCA_905478715.1_0.2_20180508_Bin_184_1_genomic.fna...
Writing to /data/huixingqi/sim_meta/HiResim/data/env/data/7_ani/hires21/sketch/GCA_905478715.1.fna.msh...
Sketching /data/huixingqi/sim_meta/HiResim/tools/strain_genome/GCA_017856985.1_ASM1785698v1_genomic.fna...
Writing to /data/huixingqi/sim_meta/HiResim/data/env/data/7_ani/hires21/sketch/GCA_017856985.1.fna.msh...
Sketching /data/huixingqi/sim_meta/HiResim/tools/strain_genome/GCA_003449535.1_ASM344953v1_genomic.fna...
Writing to /data/huixingqi/sim_meta/HiResim/data/env/data/7_ani/hires21/sketch/GCA_003449535.1.fna.msh...
Sketching /data/huixingqi/sim_meta/HiResim/tools/strain_genome/GCA_900549555.1_UMGS1200_genomic.fna...
Writing to /data/huixingqi/sim_meta/HiResim/data/env/data/7_ani/hires21/sketch/GCA_900549555.1.fna.msh...
Sketching /data/huixingqi/sim_meta/HiResim/tools/strain_genome/GCA_002430105.1_ASM243010v1_genomic.fna...
Writing to /data/huixingqi/sim_meta/HiResim/data/env/data/7_ani/hires21/sketch/GCA_002430105.1.fna.msh...
Sketching /data/huixingqi/sim_meta/HiResim/tools/strain_genome/GCA_905181975.1_FRAM18_bin035_genomic.fna...
Writing to /data/huixingqi/sim_meta/HiResim/data/env/data/7_ani/hires21/sketch/GCA_905181975.1.fna.msh...
Sketching /data/huixingqi/sim_meta/HiResim/tools/strain_genome/GCF_003945525.1_ASM394552v1_genomic.fna...
Writing to /data/huixingqi/sim_meta/HiResim/data/env/data/7_ani/hires21/sketch/GCF_003945525.1.fna.msh...
Sketching /data/huixingqi/sim_meta/HiResim/tools/strain_genome/GCA_905618865.1_RIS-SAG-50_genomic.fna...
Writing to /data/huixingqi/sim_meta/HiResim/data/env/data/7_ani/hires21/sketch/GCA_905618865.1.fna.msh...
Sketching /data/huixingqi/sim_meta/HiResim/tools/strain_genome/GCF_016429155.1_ASM1642915v1_genomic.fna...
Writing to /data/huixingqi/sim_meta/HiResim/data/env/data/7_ani/hires21/sketch/GCF_016429155.1.fna.msh...
Sketching /data/huixingqi/sim_meta/HiResim/tools/strain_genome/GCF_003326015.1_ASM332601v1_genomic.fna...
Writing to /data/huixingqi/sim_meta/HiResim/data/env/data/7_ani/hires21/sketch/GCF_003326015.1.fna.msh...
Sketching /data/huixingqi/sim_meta/HiResim/tools/strain_genome/GCA_018675425.1_ASM1867542v1_genomic.fna...
Writing to /data/huixingqi/sim_meta/HiResim/data/env/data/7_ani/hires21/sketch/GCA_018675425.1.fna.msh...
Sketching /data/huixingqi/sim_meta/HiResim/tools/strain_genome/GCA_900552995.1_UMGS1567_genomic.fna...
Writing to /data/huixingqi/sim_meta/HiResim/data/env/data/7_ani/hires21/sketch/GCA_900552995.1.fna.msh...
Sketching /data/huixingqi/sim_meta/HiResim/tools/strain_genome/GCA_902789465.1_Rumen_uncultured_genome_RUG13472_genomic.fna...
Writing to /data/huixingqi/sim_meta/HiResim/data/env/data/7_ani/hires21/sketch/GCA_902789465.1.fna.msh...
Sketching /data/huixingqi/sim_meta/HiResim/tools/strain_genome/GCA_900540305.1_UMGS233_genomic.fna...
Writing to /data/huixingqi/sim_meta/HiResim/data/env/data/7_ani/hires21/sketch/GCA_900540305.1.fna.msh...
Sketching /data/huixingqi/sim_meta/HiResim/tools/strain_genome/GCA_018374955.1_ASM1837495v1_genomic.fna...
Writing to /data/huixingqi/sim_meta/HiResim/data/env/data/7_ani/hires21/sketch/GCA_018374955.1.fna.msh...
Sketching /data/huixingqi/sim_meta/HiResim/tools/strain_genome/GCA_018608505.1_ASM1860850v1_genomic.fna...
Writing to /data/huixingqi/sim_meta/HiResim/data/env/data/7_ani/hires21/sketch/GCA_018608505.1.fna.msh...
Sketching /data/huixingqi/sim_meta/HiResim/tools/strain_genome/GCA_003484625.1_ASM348462v1_genomic.fna...
Writing to /data/huixingqi/sim_meta/HiResim/data/env/data/7_ani/hires21/sketch/GCA_003484625.1.fna.msh...
Sketching /data/huixingqi/sim_meta/HiResim/tools/strain_genome/GCA_905478825.1_0.2_20180508_Bin_MAXBIN_099_sub_1_genomic.fna...
Writing to /data/huixingqi/sim_meta/HiResim/data/env/data/7_ani/hires21/sketch/GCA_905478825.1.fna.msh...
Sketching /data/huixingqi/sim_meta/HiResim/tools/strain_genome/GCA_900556515.1_UMGS1943_genomic.fna...
Writing to /data/huixingqi/sim_meta/HiResim/data/env/data/7_ani/hires21/sketch/GCA_900556515.1.fna.msh...
Sketching /data/huixingqi/sim_meta/HiResim/tools/strain_genome/GCA_905478585.1_0.2_20180426_Bin_22_genomic.fna...
Writing to /data/huixingqi/sim_meta/HiResim/data/env/data/7_ani/hires21/sketch/GCA_905478585.1.fna.msh...
Sketching /data/huixingqi/sim_meta/HiResim/tools/strain_genome/GCA_905182455.1_FRAM18_bin061_genomic.fna...
Writing to /data/huixingqi/sim_meta/HiResim/data/env/data/7_ani/hires21/sketch/GCA_905182455.1.fna.msh...
Sketching /data/huixingqi/sim_meta/HiResim/tools/strain_genome/GCA_018676695.1_ASM1867669v1_genomic.fna...
Writing to /data/huixingqi/sim_meta/HiResim/data/env/data/7_ani/hires21/sketch/GCA_018676695.1.fna.msh...
Sketching /data/huixingqi/sim_meta/HiResim/tools/strain_genome/GCA_905618925.1_RIS-SAG-56_genomic.fna...
Writing to /data/huixingqi/sim_meta/HiResim/data/env/data/7_ani/hires21/sketch/GCA_905618925.1.fna.msh...
Sketching /data/huixingqi/sim_meta/HiResim/tools/strain_genome/GCA_905182275.1_FRAM18_bin252_genomic.fna...
Writing to /data/huixingqi/sim_meta/HiResim/data/env/data/7_ani/hires21/sketch/GCA_905182275.1.fna.msh...
Sketching /data/huixingqi/sim_meta/HiResim/tools/strain_genome/GCA_018674455.1_ASM1867445v1_genomic.fna...
Writing to /data/huixingqi/sim_meta/HiResim/data/env/data/7_ani/hires21/sketch/GCA_018674455.1.fna.msh...
Sketching /data/huixingqi/sim_meta/HiResim/tools/strain_genome/GCF_000153525.1_ASM15352v1_genomic.fna...
Writing to /data/huixingqi/sim_meta/HiResim/data/env/data/7_ani/hires21/sketch/GCF_000153525.1.fna.msh...
Sketching /data/huixingqi/sim_meta/HiResim/tools/strain_genome/GCA_905614335.1_RIS-SAG-36_genomic.fna...
Writing to /data/huixingqi/sim_meta/HiResim/data/env/data/7_ani/hires21/sketch/GCA_905614335.1.fna.msh...
Sketching /data/huixingqi/sim_meta/HiResim/tools/strain_genome/GCA_900553825.1_UMGS1656_genomic.fna...
Writing to /data/huixingqi/sim_meta/HiResim/data/env/data/7_ani/hires21/sketch/GCA_900553825.1.fna.msh...
Sketching /data/huixingqi/sim_meta/HiResim/tools/strain_genome/GCA_017880565.1_ASM1788056v1_genomic.fna...
Writing to /data/huixingqi/sim_meta/HiResim/data/env/data/7_ani/hires21/sketch/GCA_017880565.1.fna.msh...
Sketching /data/huixingqi/sim_meta/HiResim/tools/strain_genome/GCA_905618915.1_RIS-SAG-53_genomic.fna...
Writing to /data/huixingqi/sim_meta/HiResim/data/env/data/7_ani/hires21/sketch/GCA_905618915.1.fna.msh...
Sketching /data/huixingqi/sim_meta/HiResim/tools/strain_genome/GCA_905618905.1_RIS-SAG-52_genomic.fna...
Writing to /data/huixingqi/sim_meta/HiResim/data/env/data/7_ani/hires21/sketch/GCA_905618905.1.fna.msh...
Sketching /data/huixingqi/sim_meta/HiResim/tools/strain_genome/GCA_002478695.1_ASM247869v1_genomic.fna...
Writing to /data/huixingqi/sim_meta/HiResim/data/env/data/7_ani/hires21/sketch/GCA_002478695.1.fna.msh...
Sketching /data/huixingqi/sim_meta/HiResim/tools/strain_genome/GCF_016429215.1_ASM1642921v1_genomic.fna...
Writing to /data/huixingqi/sim_meta/HiResim/data/env/data/7_ani/hires21/sketch/GCF_016429215.1.fna.msh...
Sketching /data/huixingqi/sim_meta/HiResim/tools/strain_genome/GCA_905199295.1_ERR1297685-mag-bin.13_genomic.fna...
Writing to /data/huixingqi/sim_meta/HiResim/data/env/data/7_ani/hires21/sketch/GCA_905199295.1.fna.msh...
Sketching /data/huixingqi/sim_meta/HiResim/tools/strain_genome/GCA_905182815.1_FRAM18_bin301_genomic.fna...
Writing to /data/huixingqi/sim_meta/HiResim/data/env/data/7_ani/hires21/sketch/GCA_905182815.1.fna.msh...
Sketching /data/huixingqi/sim_meta/HiResim/tools/strain_genome/GCA_905182705.1_FRAM18_bin077_genomic.fna...
Writing to /data/huixingqi/sim_meta/HiResim/data/env/data/7_ani/hires21/sketch/GCA_905182705.1.fna.msh...
Sketching /data/huixingqi/sim_meta/HiResim/tools/strain_genome/GCA_017880585.1_ASM1788058v1_genomic.fna...
Writing to /data/huixingqi/sim_meta/HiResim/data/env/data/7_ani/hires21/sketch/GCA_017880585.1.fna.msh...
Sketching /data/huixingqi/sim_meta/HiResim/tools/strain_genome/GCA_905213065.1_ERR414448-mag-bin.20_genomic.fna...
Writing to /data/huixingqi/sim_meta/HiResim/data/env/data/7_ani/hires21/sketch/GCA_905213065.1.fna.msh...
Sketching /data/huixingqi/sim_meta/HiResim/tools/strain_genome/GCA_002335865.1_ASM233586v1_genomic.fna...
Writing to /data/huixingqi/sim_meta/HiResim/data/env/data/7_ani/hires21/sketch/GCA_002335865.1.fna.msh...
Sketching /data/huixingqi/sim_meta/HiResim/tools/strain_genome/GCA_008638045.1_ASM863804v1_genomic.fna...
Writing to /data/huixingqi/sim_meta/HiResim/data/env/data/7_ani/hires21/sketch/GCA_008638045.1.fna.msh...
Sketching /data/huixingqi/sim_meta/HiResim/tools/strain_genome/GCA_000981645.1_ASM98164v1_genomic.fna...
Writing to /data/huixingqi/sim_meta/HiResim/data/env/data/7_ani/hires21/sketch/GCA_000981645.1.fna.msh...
Sketching /data/huixingqi/sim_meta/HiResim/tools/strain_genome/GCA_905182755.1_FRAM18_bin137_genomic.fna...
Writing to /data/huixingqi/sim_meta/HiResim/data/env/data/7_ani/hires21/sketch/GCA_905182755.1.fna.msh...
Sketching /data/huixingqi/sim_meta/HiResim/tools/strain_genome/GCA_905478125.1_0.2_20180319_Bin_80_genomic.fna...
Writing to /data/huixingqi/sim_meta/HiResim/data/env/data/7_ani/hires21/sketch/GCA_905478125.1.fna.msh...
Sketching /data/huixingqi/sim_meta/HiResim/tools/strain_genome/GCF_016429285.1_ASM1642928v1_genomic.fna...
Writing to /data/huixingqi/sim_meta/HiResim/data/env/data/7_ani/hires21/sketch/GCF_016429285.1.fna.msh...
Sketching /data/huixingqi/sim_meta/HiResim/tools/strain_genome/GCF_000590355.1_20120327_genomic.fna...
Writing to /data/huixingqi/sim_meta/HiResim/data/env/data/7_ani/hires21/sketch/GCF_000590355.1.fna.msh...
Sketching /data/huixingqi/sim_meta/HiResim/tools/strain_genome/GCA_018655575.1_ASM1865557v1_genomic.fna...
Writing to /data/huixingqi/sim_meta/HiResim/data/env/data/7_ani/hires21/sketch/GCA_018655575.1.fna.msh...
Sketching /data/huixingqi/sim_meta/HiResim/tools/strain_genome/GCA_015665445.1_ASM1566544v1_genomic.fna...
Writing to /data/huixingqi/sim_meta/HiResim/data/env/data/7_ani/hires21/sketch/GCA_015665445.1.fna.msh...
Sketching /data/huixingqi/sim_meta/HiResim/tools/strain_genome/GCA_905182205.1_FRAM18_bin170_genomic.fna...
Writing to /data/huixingqi/sim_meta/HiResim/data/env/data/7_ani/hires21/sketch/GCA_905182205.1.fna.msh...
Sketching /data/huixingqi/sim_meta/HiResim/tools/strain_genome/GCA_018661335.1_ASM1866133v1_genomic.fna...
Writing to /data/huixingqi/sim_meta/HiResim/data/env/data/7_ani/hires21/sketch/GCA_018661335.1.fna.msh...
Sketching /data/huixingqi/sim_meta/HiResim/tools/strain_genome/GCA_905182155.1_FRAM18_bin287_genomic.fna...
Writing to /data/huixingqi/sim_meta/HiResim/data/env/data/7_ani/hires21/sketch/GCA_905182155.1.fna.msh...
Sketching /data/huixingqi/sim_meta/HiResim/tools/strain_genome/GCA_905182365.1_FRAM18_bin207_genomic.fna...
Writing to /data/huixingqi/sim_meta/HiResim/data/env/data/7_ani/hires21/sketch/GCA_905182365.1.fna.msh...
Sketching /data/huixingqi/sim_meta/HiResim/tools/strain_genome/GCA_905620435.1_RIS-SAG-67_genomic.fna...
Writing to /data/huixingqi/sim_meta/HiResim/data/env/data/7_ani/hires21/sketch/GCA_905620435.1.fna.msh...
Sketching /data/huixingqi/sim_meta/HiResim/tools/strain_genome/GCA_905618805.1_RIS-SAG-47_genomic.fna...
Writing to /data/huixingqi/sim_meta/HiResim/data/env/data/7_ani/hires21/sketch/GCA_905618805.1.fna.msh...
Sketching /data/huixingqi/sim_meta/HiResim/tools/strain_genome/GCA_003538375.1_ASM353837v1_genomic.fna...
Writing to /data/huixingqi/sim_meta/HiResim/data/env/data/7_ani/hires21/sketch/GCA_003538375.1.fna.msh...
Sketching /data/huixingqi/sim_meta/HiResim/tools/strain_genome/GCF_000241365.1_PspBSi20480_1.0_genomic.fna...
Writing to /data/huixingqi/sim_meta/HiResim/data/env/data/7_ani/hires21/sketch/GCF_000241365.1.fna.msh...
Sketching /data/huixingqi/sim_meta/HiResim/tools/strain_genome/GCA_905614365.1_RIS-SAG-37_genomic.fna...
Writing to /data/huixingqi/sim_meta/HiResim/data/env/data/7_ani/hires21/sketch/GCA_905614365.1.fna.msh...
Sketching /data/huixingqi/sim_meta/HiResim/tools/strain_genome/GCA_009838385.1_ASM983838v1_genomic.fna...
Writing to /data/huixingqi/sim_meta/HiResim/data/env/data/7_ani/hires21/sketch/GCA_009838385.1.fna.msh...
Sketching /data/huixingqi/sim_meta/HiResim/tools/strain_genome/GCA_905612385.1_RIS-SAG-10_genomic.fna...
Writing to /data/huixingqi/sim_meta/HiResim/data/env/data/7_ani/hires21/sketch/GCA_905612385.1.fna.msh...
Sketching /data/huixingqi/sim_meta/HiResim/tools/strain_genome/GCA_002470565.1_ASM247056v1_genomic.fna...
Writing to /data/huixingqi/sim_meta/HiResim/data/env/data/7_ani/hires21/sketch/GCA_002470565.1.fna.msh...
Sketching /data/huixingqi/sim_meta/HiResim/tools/strain_genome/GCA_900552925.1_UMGS1557_genomic.fna...
Writing to /data/huixingqi/sim_meta/HiResim/data/env/data/7_ani/hires21/sketch/GCA_900552925.1.fna.msh...
Sketching /data/huixingqi/sim_meta/HiResim/tools/strain_genome/GCA_900769655.1_SRS476274_119_genomic.fna...
Writing to /data/huixingqi/sim_meta/HiResim/data/env/data/7_ani/hires21/sketch/GCA_900769655.1.fna.msh...
Sketching /data/huixingqi/sim_meta/HiResim/tools/strain_genome/GCA_000715615.1_ASM71561v1_genomic.fna...
Writing to /data/huixingqi/sim_meta/HiResim/data/env/data/7_ani/hires21/sketch/GCA_000715615.1.fna.msh...
Sketching /data/huixingqi/sim_meta/HiResim/tools/strain_genome/GCA_018699435.1_ASM1869943v1_genomic.fna...
Writing to /data/huixingqi/sim_meta/HiResim/data/env/data/7_ani/hires21/sketch/GCA_018699435.1.fna.msh...
Sketching /data/huixingqi/sim_meta/HiResim/tools/strain_genome/GCA_905478325.1_0.2_20180412_Bin_112_1_genomic.fna...
Writing to /data/huixingqi/sim_meta/HiResim/data/env/data/7_ani/hires21/sketch/GCA_905478325.1.fna.msh...
Sketching /data/huixingqi/sim_meta/HiResim/tools/strain_genome/GCA_905182105.1_FRAM18_bin053_genomic.fna...
Writing to /data/huixingqi/sim_meta/HiResim/data/env/data/7_ani/hires21/sketch/GCA_905182105.1.fna.msh...
Sketching /data/huixingqi/sim_meta/HiResim/tools/strain_genome/GCA_900554375.1_UMGS1718_genomic.fna...
Writing to /data/huixingqi/sim_meta/HiResim/data/env/data/7_ani/hires21/sketch/GCA_900554375.1.fna.msh...
Sketching /data/huixingqi/sim_meta/HiResim/tools/strain_genome/GCA_905612405.1_RIS-SAG-20_genomic.fna...
Writing to /data/huixingqi/sim_meta/HiResim/data/env/data/7_ani/hires21/sketch/GCA_905612405.1.fna.msh...
Sketching /data/huixingqi/sim_meta/HiResim/tools/strain_genome/GCA_905208905.1_ERR1600697-mag-bin.29_genomic.fna...
Writing to /data/huixingqi/sim_meta/HiResim/data/env/data/7_ani/hires21/sketch/GCA_905208905.1.fna.msh...
Sketching /data/huixingqi/sim_meta/HiResim/tools/strain_genome/GCF_000813065.1_ASM81306v1_genomic.fna...
Writing to /data/huixingqi/sim_meta/HiResim/data/env/data/7_ani/hires21/sketch/GCF_000813065.1.fna.msh...
Sketching /data/huixingqi/sim_meta/HiResim/tools/strain_genome/GCA_900551185.1_UMGS1378_genomic.fna...
Writing to /data/huixingqi/sim_meta/HiResim/data/env/data/7_ani/hires21/sketch/GCA_900551185.1.fna.msh...
Sketching /data/huixingqi/sim_meta/HiResim/tools/strain_genome/GCA_018647685.1_ASM1864768v1_genomic.fna...
Writing to /data/huixingqi/sim_meta/HiResim/data/env/data/7_ani/hires21/sketch/GCA_018647685.1.fna.msh...
Sketching /data/huixingqi/sim_meta/HiResim/tools/strain_genome/GCA_014384565.1_ASM1438456v1_genomic.fna...
Writing to /data/huixingqi/sim_meta/HiResim/data/env/data/7_ani/hires21/sketch/GCA_014384565.1.fna.msh...
Sketching /data/huixingqi/sim_meta/HiResim/tools/strain_genome/GCA_018666335.1_ASM1866633v1_genomic.fna...
Writing to /data/huixingqi/sim_meta/HiResim/data/env/data/7_ani/hires21/sketch/GCA_018666335.1.fna.msh...
Sketching /data/huixingqi/sim_meta/HiResim/tools/strain_genome/GCA_002358305.1_ASM235830v1_genomic.fna...
Writing to /data/huixingqi/sim_meta/HiResim/data/env/data/7_ani/hires21/sketch/GCA_002358305.1.fna.msh...
Sketching /data/huixingqi/sim_meta/HiResim/tools/strain_genome/GCA_900548565.1_UMGS1100_genomic.fna...
Writing to /data/huixingqi/sim_meta/HiResim/data/env/data/7_ani/hires21/sketch/GCA_900548565.1.fna.msh...
Sketching /data/huixingqi/sim_meta/HiResim/tools/strain_genome/GCA_900544905.1_UMGS725_genomic.fna...
Writing to /data/huixingqi/sim_meta/HiResim/data/env/data/7_ani/hires21/sketch/GCA_900544905.1.fna.msh...
Sketching /data/huixingqi/sim_meta/HiResim/tools/strain_genome/GCA_018663545.1_ASM1866354v1_genomic.fna...
Writing to /data/huixingqi/sim_meta/HiResim/data/env/data/7_ani/hires21/sketch/GCA_018663545.1.fna.msh...
Sketching /data/huixingqi/sim_meta/HiResim/tools/strain_genome/GCA_900541315.1_UMGS337_genomic.fna...
Writing to /data/huixingqi/sim_meta/HiResim/data/env/data/7_ani/hires21/sketch/GCA_900541315.1.fna.msh...
Sketching /data/huixingqi/sim_meta/HiResim/tools/strain_genome/GCA_905612525.1_RIS-SAG-33_genomic.fna...
Writing to /data/huixingqi/sim_meta/HiResim/data/env/data/7_ani/hires21/sketch/GCA_905612525.1.fna.msh...
Sketching /data/huixingqi/sim_meta/HiResim/tools/strain_genome/GCA_905479405.1_0.2_20180529_Bin_178_genomic.fna...
Writing to /data/huixingqi/sim_meta/HiResim/data/env/data/7_ani/hires21/sketch/GCA_905479405.1.fna.msh...
Sketching /data/huixingqi/sim_meta/HiResim/tools/strain_genome/GCA_905612395.1_RIS-SAG-14_genomic.fna...
Writing to /data/huixingqi/sim_meta/HiResim/data/env/data/7_ani/hires21/sketch/GCA_905612395.1.fna.msh...
Sketching /data/huixingqi/sim_meta/HiResim/tools/strain_genome/GCA_002453235.1_ASM245323v1_genomic.fna...
Writing to /data/huixingqi/sim_meta/HiResim/data/env/data/7_ani/hires21/sketch/GCA_002453235.1.fna.msh...
Sketching /data/huixingqi/sim_meta/HiResim/tools/strain_genome/GCA_018608025.1_ASM1860802v1_genomic.fna...
Writing to /data/huixingqi/sim_meta/HiResim/data/env/data/7_ani/hires21/sketch/GCA_018608025.1.fna.msh...
Sketching /data/huixingqi/sim_meta/HiResim/tools/strain_genome/GCA_905616395.1_RIS-SAG-41_genomic.fna...
Writing to /data/huixingqi/sim_meta/HiResim/data/env/data/7_ani/hires21/sketch/GCA_905616395.1.fna.msh...
Sketching /data/huixingqi/sim_meta/HiResim/tools/strain_genome/GCA_905193555.1_ERR1190740-mag-bin.25_genomic.fna...
Writing to /data/huixingqi/sim_meta/HiResim/data/env/data/7_ani/hires21/sketch/GCA_905193555.1.fna.msh...
Sketching /data/huixingqi/sim_meta/HiResim/tools/strain_genome/GCF_000195085.1_ASM19508v1_genomic.fna...
Writing to /data/huixingqi/sim_meta/HiResim/data/env/data/7_ani/hires21/sketch/GCF_000195085.1.fna.msh...
